00:41:03,936 (main) DEBUG [DataNucleus.General] - Using PluginRegistry org.datanucleus.plugin.NonManagedPluginRegistry
00:41:03,963 (main) DEBUG [DataNucleus.General] - Registering bundle org.datanucleus.api.jdo version 5.1.7 at URL file:/C:/Users/Tobia%20Gasparoni/Documents/Universidad%20de%20los%20Andes/4%20Semestre/Sistemas%20transaccionales/HotelAndes/lib/datanucleus-api-jdo-5.1.7.jar.
00:41:03,977 (main) DEBUG [DataNucleus.General] - Loading extension points and extensions from plug-in file jar:file:/C:/Users/Tobia%20Gasparoni/Documents/Universidad%20de%20los%20Andes/4%20Semestre/Sistemas%20transaccionales/HotelAndes/lib/datanucleus-api-jdo-5.1.7.jar!/plugin.xml.
00:41:03,984 (main) DEBUG [DataNucleus.General] - Registering bundle org.datanucleus version 5.1.10 at URL file:/C:/Users/Tobia%20Gasparoni/Documents/Universidad%20de%20los%20Andes/4%20Semestre/Sistemas%20transaccionales/HotelAndes/lib/datanucleus-core-5.1.10.jar.
00:41:03,987 (main) DEBUG [DataNucleus.General] - Loading extension points and extensions from plug-in file jar:file:/C:/Users/Tobia%20Gasparoni/Documents/Universidad%20de%20los%20Andes/4%20Semestre/Sistemas%20transaccionales/HotelAndes/lib/datanucleus-core-5.1.10.jar!/plugin.xml.
00:41:04,011 (main) DEBUG [DataNucleus.General] - Registering bundle org.datanucleus.store.rdbms version 5.1.10 at URL file:/C:/Users/Tobia%20Gasparoni/Documents/Universidad%20de%20los%20Andes/4%20Semestre/Sistemas%20transaccionales/HotelAndes/lib/datanucleus-rdbms-5.1.10.jar.
00:41:04,015 (main) DEBUG [DataNucleus.General] - Loading extension points and extensions from plug-in file jar:file:/C:/Users/Tobia%20Gasparoni/Documents/Universidad%20de%20los%20Andes/4%20Semestre/Sistemas%20transaccionales/HotelAndes/lib/datanucleus-rdbms-5.1.10.jar!/plugin.xml.
00:41:04,063 (main) DEBUG [DataNucleus.MetaData] - Parsing MetaData file "file:/C:/Users/Tobia%20Gasparoni/Documents/Universidad%20de%20los%20Andes/4%20Semestre/Sistemas%20transaccionales/HotelAndes/resources/META-INF/persistence.xml" using handler "persistence" (validation="false")
00:41:04,070 (main) DEBUG [DataNucleus.MetaData] - Parsing MetaData file "file:/C:/Users/Tobia%20Gasparoni/Documents/Universidad%20de%20los%20Andes/4%20Semestre/Sistemas%20transaccionales/HotelAndes/target/classes/META-INF/persistence.xml" using handler "persistence" (validation="false")
00:41:04,088 (main) DEBUG [DataNucleus.Persistence] - Java types support initialising ...
00:41:04,184 (main) DEBUG [DataNucleus.Persistence] - Java types support loaded : supported java types=[B, [C, [D, [F, [I, [J, [Ljava.lang.Boolean;, [Ljava.lang.Byte;, [Ljava.lang.Character;, [Ljava.lang.Double;, [Ljava.lang.Enum;, [Ljava.lang.Float;, [Ljava.lang.Integer;, [Ljava.lang.Long;, [Ljava.lang.Number;, [Ljava.lang.Object;, [Ljava.lang.Short;, [Ljava.lang.String;, [Ljava.math.BigDecimal;, [Ljava.math.BigInteger;, [Ljava.util.Date;, [Ljava.util.Locale;, [S, [Z, boolean, byte, char, double, float, int, java.awt.Color, java.awt.image.BufferedImage, java.lang.Boolean, java.lang.Byte, java.lang.Character, java.lang.Class, java.lang.Double, java.lang.Enum, java.lang.Float, java.lang.Integer, java.lang.Long, java.lang.Number, java.lang.Short, java.lang.String, java.lang.StringBuffer, java.lang.StringBuilder, java.math.BigDecimal, java.math.BigInteger, java.net.URI, java.net.URL, java.sql.Date, java.sql.Time, java.sql.Timestamp, java.time.Duration, java.time.Instant, java.time.LocalDate, java.time.LocalDateTime, java.time.LocalTime, java.time.MonthDay, java.time.OffsetDateTime, java.time.OffsetTime, java.time.Period, java.time.Year, java.time.YearMonth, java.time.ZonedDateTime, java.time.ZoneId, java.time.ZoneOffset, java.util.ArrayList, java.util.Arrays$ArrayList, java.util.BitSet, java.util.Calendar, java.util.Collection, java.util.Currency, java.util.Date, java.util.GregorianCalendar, java.util.HashMap, java.util.HashSet, java.util.Hashtable, java.util.LinkedHashMap, java.util.LinkedHashSet, java.util.LinkedList, java.util.List, java.util.Locale, java.util.Map, java.util.Optional, java.util.PriorityQueue, java.util.Properties, java.util.Queue, java.util.Set, java.util.SortedMap, java.util.SortedSet, java.util.Stack, java.util.TimeZone, java.util.TreeMap, java.util.TreeSet, java.util.UUID, java.util.Vector, long, short
00:41:04,185 (main) DEBUG [DataNucleus.Persistence] - Type converter support initialising ...
00:41:04,271 (main) DEBUG [DataNucleus.Persistence] - Type converter support loaded
00:41:04,272 (main) DEBUG [DataNucleus.Persistence] - TypeConverter(s) available for byte[] to : java.nio.ByteBuffer
00:41:04,272 (main) DEBUG [DataNucleus.Persistence] - TypeConverter(s) available for char[] to : java.nio.ByteBuffer
00:41:04,272 (main) DEBUG [DataNucleus.Persistence] - TypeConverter(s) available for double[] to : java.nio.ByteBuffer
00:41:04,272 (main) DEBUG [DataNucleus.Persistence] - TypeConverter(s) available for float[] to : java.nio.ByteBuffer
00:41:04,272 (main) DEBUG [DataNucleus.Persistence] - TypeConverter(s) available for int[] to : java.nio.ByteBuffer
00:41:04,272 (main) DEBUG [DataNucleus.Persistence] - TypeConverter(s) available for long[] to : java.nio.ByteBuffer
00:41:04,272 (main) DEBUG [DataNucleus.Persistence] - TypeConverter(s) available for [Ljava.math.BigDecimal; to : java.nio.ByteBuffer
00:41:04,272 (main) DEBUG [DataNucleus.Persistence] - TypeConverter(s) available for [Ljava.math.BigInteger; to : java.nio.ByteBuffer
00:41:04,272 (main) DEBUG [DataNucleus.Persistence] - TypeConverter(s) available for short[] to : java.nio.ByteBuffer
00:41:04,273 (main) DEBUG [DataNucleus.Persistence] - TypeConverter(s) available for boolean[] to : java.nio.ByteBuffer
00:41:04,273 (main) DEBUG [DataNucleus.Persistence] - TypeConverter(s) available for java.awt.Color to : java.lang.String,int[]
00:41:04,273 (main) DEBUG [DataNucleus.Persistence] - TypeConverter(s) available for java.awt.image.BufferedImage to : byte[],java.nio.ByteBuffer
00:41:04,273 (main) DEBUG [DataNucleus.Persistence] - TypeConverter(s) available for java.io.Serializable to : java.lang.String,byte[],java.nio.ByteBuffer
00:41:04,273 (main) DEBUG [DataNucleus.Persistence] - TypeConverter(s) available for java.lang.Boolean to : java.lang.Integer,java.lang.Character
00:41:04,273 (main) DEBUG [DataNucleus.Persistence] - TypeConverter(s) available for java.lang.Character to : java.lang.String
00:41:04,273 (main) DEBUG [DataNucleus.Persistence] - TypeConverter(s) available for java.lang.Class to : java.lang.String
00:41:04,273 (main) DEBUG [DataNucleus.Persistence] - TypeConverter(s) available for java.lang.Integer to : java.lang.String
00:41:04,274 (main) DEBUG [DataNucleus.Persistence] - TypeConverter(s) available for java.lang.Long to : java.lang.String
00:41:04,274 (main) DEBUG [DataNucleus.Persistence] - TypeConverter(s) available for java.lang.StringBuffer to : java.lang.String
00:41:04,274 (main) DEBUG [DataNucleus.Persistence] - TypeConverter(s) available for java.lang.StringBuilder to : java.lang.String
00:41:04,274 (main) DEBUG [DataNucleus.Persistence] - TypeConverter(s) available for java.math.BigDecimal to : java.lang.String,java.lang.Double
00:41:04,274 (main) DEBUG [DataNucleus.Persistence] - TypeConverter(s) available for java.math.BigInteger to : java.lang.String,java.lang.Long
00:41:04,274 (main) DEBUG [DataNucleus.Persistence] - TypeConverter(s) available for java.net.URI to : java.lang.String
00:41:04,274 (main) DEBUG [DataNucleus.Persistence] - TypeConverter(s) available for java.net.URL to : java.lang.String
00:41:04,274 (main) DEBUG [DataNucleus.Persistence] - TypeConverter(s) available for java.sql.Date to : java.lang.String,java.lang.Long,java.util.Date
00:41:04,274 (main) DEBUG [DataNucleus.Persistence] - TypeConverter(s) available for java.sql.Time to : java.lang.String,java.lang.Long,java.util.Date
00:41:04,275 (main) DEBUG [DataNucleus.Persistence] - TypeConverter(s) available for java.sql.Timestamp to : java.lang.String,java.lang.Long,java.util.Date
00:41:04,275 (main) DEBUG [DataNucleus.Persistence] - TypeConverter(s) available for java.time.Duration to : java.lang.String,java.lang.Long,java.lang.Double
00:41:04,275 (main) DEBUG [DataNucleus.Persistence] - TypeConverter(s) available for java.time.Instant to : java.sql.Timestamp,java.lang.String,java.lang.Long,java.util.Date
00:41:04,275 (main) DEBUG [DataNucleus.Persistence] - TypeConverter(s) available for java.time.LocalDate to : java.lang.String,java.sql.Date,java.util.Date
00:41:04,275 (main) DEBUG [DataNucleus.Persistence] - TypeConverter(s) available for java.time.LocalDateTime to : java.sql.Timestamp,java.lang.String,java.util.Date
00:41:04,275 (main) DEBUG [DataNucleus.Persistence] - TypeConverter(s) available for java.time.LocalTime to : java.lang.String,java.lang.Long,java.sql.Time,java.util.Date
00:41:04,275 (main) DEBUG [DataNucleus.Persistence] - TypeConverter(s) available for java.time.MonthDay to : java.lang.String,java.sql.Date,int[],java.util.Date
00:41:04,275 (main) DEBUG [DataNucleus.Persistence] - TypeConverter(s) available for java.time.OffsetDateTime to : java.sql.Timestamp,java.lang.String,java.util.Date
00:41:04,276 (main) DEBUG [DataNucleus.Persistence] - TypeConverter(s) available for java.time.OffsetTime to : java.lang.String,java.lang.Long,java.sql.Time
00:41:04,276 (main) DEBUG [DataNucleus.Persistence] - TypeConverter(s) available for java.time.Period to : java.lang.String,int[]
00:41:04,276 (main) DEBUG [DataNucleus.Persistence] - TypeConverter(s) available for java.time.Year to : java.lang.String,java.lang.Integer
00:41:04,276 (main) DEBUG [DataNucleus.Persistence] - TypeConverter(s) available for java.time.YearMonth to : java.lang.String,java.sql.Date,int[],java.util.Date
00:41:04,276 (main) DEBUG [DataNucleus.Persistence] - TypeConverter(s) available for java.time.ZonedDateTime to : java.sql.Timestamp,java.lang.String
00:41:04,276 (main) DEBUG [DataNucleus.Persistence] - TypeConverter(s) available for java.time.ZoneId to : java.lang.String
00:41:04,276 (main) DEBUG [DataNucleus.Persistence] - TypeConverter(s) available for java.time.ZoneOffset to : java.lang.String
00:41:04,276 (main) DEBUG [DataNucleus.Persistence] - TypeConverter(s) available for java.util.BitSet to : java.lang.String
00:41:04,276 (main) DEBUG [DataNucleus.Persistence] - TypeConverter(s) available for java.util.Calendar to : java.sql.Timestamp,java.lang.String,[Ljava.lang.Object;,java.util.Date
00:41:04,276 (main) DEBUG [DataNucleus.Persistence] - TypeConverter(s) available for java.util.Currency to : java.lang.String
00:41:04,276 (main) DEBUG [DataNucleus.Persistence] - TypeConverter(s) available for java.util.Date to : java.lang.String,java.lang.Long
00:41:04,276 (main) DEBUG [DataNucleus.Persistence] - TypeConverter(s) available for java.util.Locale to : java.lang.String
00:41:04,277 (main) DEBUG [DataNucleus.Persistence] - TypeConverter(s) available for java.util.TimeZone to : java.lang.String
00:41:04,277 (main) DEBUG [DataNucleus.Persistence] - TypeConverter(s) available for java.util.UUID to : java.lang.String
00:41:04,277 (main) DEBUG [DataNucleus.MetaData] - MetaDataManager : Input=(XML,Annotations), XML-Validation=false, XML-Suffices=(persistence=*.jdo, orm=orm, query=*.jdoquery) mapping-name=oracle, JDO-listener=false
00:41:04,277 (main) DEBUG [DataNucleus.MetaData] - MetaData Management : Loading Metadata for persistence-unit "Parranderos" ...
00:41:04,277 (main) DEBUG [DataNucleus.MetaData] - MetaData Management : Load of Metadata complete
00:41:04,283 (main) DEBUG [DataNucleus.Datastore] - Creating StoreManager for datastore
00:41:04,519 (main) DEBUG [DataNucleus.Connection] - Created ConnectionPool "tx" as data source using pooling type of dbcp2-builtin
00:41:04,519 (main) DEBUG [DataNucleus.Connection] - Registered transactional connection factory under name "rdbms/tx"
00:41:04,519 (main) DEBUG [DataNucleus.Connection] - Registered nontransactional connection factory under name "rdbms/nontx"
00:41:04,539 (main) DEBUG [DataNucleus.Connection] - Created ConnectionPool "nontx" as data source using pooling type of dbcp2-builtin
00:41:05,553 (main) DEBUG [DataNucleus.Connection] - ManagedConnection OPENED : "org.datanucleus.store.rdbms.ConnectionFactoryImpl$ManagedConnectionImpl@48f278eb [conn=null, commitOnRelease=true, closeOnRelease=true, closeOnTxnEnd=true]" on resource "nontx"
00:41:05,874 (main) DEBUG [DataNucleus.Datastore] - Removing RDBMS support for Java type java.lang.Boolean, jdbc-type=BOOLEAN
00:41:05,875 (main) DEBUG [DataNucleus.Datastore] - RDBMS support configured for "[B" using jdbc-types=[BLOB, VARBINARY, LONGVARBINARY], sql-types=[BLOB, VARBINARY, LONGVARBINARY] with default (jdbc-type=BLOB, sql-type=BLOB)
00:41:05,875 (main) DEBUG [DataNucleus.Datastore] - RDBMS support configured for "java.io.File" using jdbc-types=[LONGVARBINARY], sql-types=[LONGVARBINARY] with default (jdbc-type=LONGVARBINARY, sql-type=LONGVARBINARY)
00:41:05,875 (main) DEBUG [DataNucleus.Datastore] - RDBMS support configured for "java.io.Serializable" using jdbc-types=[BLOB, VARBINARY, LONGVARBINARY], sql-types=[BLOB, VARBINARY, LONGVARBINARY] with default (jdbc-type=BLOB, sql-type=BLOB)
00:41:05,875 (main) DEBUG [DataNucleus.Datastore] - RDBMS support configured for "java.lang.Boolean" using jdbc-types=[NUMERIC, SMALLINT, CHAR, BIT, TINYINT], sql-types=[NUMERIC, SMALLINT, CHAR, BIT, TINYINT] with default (jdbc-type=NUMERIC, sql-type=NUMERIC)
00:41:05,875 (main) DEBUG [DataNucleus.Datastore] - RDBMS support configured for "java.lang.Byte" using jdbc-types=[NUMERIC, SMALLINT, TINYINT], sql-types=[NUMERIC, SMALLINT, TINYINT] with default (jdbc-type=NUMERIC, sql-type=NUMERIC)
00:41:05,875 (main) DEBUG [DataNucleus.Datastore] - RDBMS support configured for "java.lang.Character" using jdbc-types=[NUMERIC, CHAR, INTEGER], sql-types=[NUMERIC, CHAR, INTEGER] with default (jdbc-type=CHAR, sql-type=CHAR)
00:41:05,875 (main) DEBUG [DataNucleus.Datastore] - RDBMS support configured for "java.lang.Double" using jdbc-types=[FLOAT, NUMERIC, DECIMAL, DOUBLE], sql-types=[FLOAT, NUMBER, DECIMAL, DOUBLE] with default (jdbc-type=FLOAT, sql-type=FLOAT)
00:41:05,875 (main) DEBUG [DataNucleus.Datastore] - RDBMS support configured for "java.lang.Float" using jdbc-types=[FLOAT, NUMERIC, REAL, DECIMAL, DOUBLE], sql-types=[FLOAT, NUMBER, REAL, DECIMAL, DOUBLE] with default (jdbc-type=FLOAT, sql-type=FLOAT)
00:41:05,875 (main) DEBUG [DataNucleus.Datastore] - RDBMS support configured for "java.lang.Integer" using jdbc-types=[NUMERIC, SMALLINT, BIGINT, TINYINT, INTEGER], sql-types=[NUMERIC, NUMBER, SMALLINT, BIGINT, TINYINT, INTEGER] with default (jdbc-type=NUMERIC, sql-type=NUMERIC)
00:41:05,875 (main) DEBUG [DataNucleus.Datastore] - RDBMS support configured for "java.lang.Long" using jdbc-types=[NUMERIC, SMALLINT, BIGINT, TINYINT, INTEGER], sql-types=[NUMERIC, NUMBER, SMALLINT, BIGINT, INT, TINYINT] with default (jdbc-type=NUMERIC, sql-type=NUMERIC)
00:41:05,875 (main) DEBUG [DataNucleus.Datastore] - RDBMS support configured for "java.lang.Short" using jdbc-types=[NUMERIC, SMALLINT, TINYINT, INTEGER], sql-types=[NUMERIC, NUMBER, SMALLINT, TINYINT, INTEGER] with default (jdbc-type=NUMERIC, sql-type=NUMERIC)
00:41:05,875 (main) DEBUG [DataNucleus.Datastore] - RDBMS support configured for "java.lang.String" using jdbc-types=[XMLTYPE, BLOB, LONGVARCHAR, CLOB, VARCHAR, CHAR, BIGINT, NVARCHAR, NCHAR], sql-types=[NVARCHAR2, XMLTYPE, BLOB, LONGVARCHAR, CLOB, VARCHAR, CHAR, BIGINT, NVARCHAR, NCHAR] with default (jdbc-type=VARCHAR, sql-type=VARCHAR)
00:41:05,875 (main) DEBUG [DataNucleus.Datastore] - RDBMS support configured for "java.math.BigDecimal" using jdbc-types=[NUMERIC, DECIMAL], sql-types=[NUMERIC, NUMBER, DECIMAL] with default (jdbc-type=NUMERIC, sql-type=NUMERIC)
00:41:05,875 (main) DEBUG [DataNucleus.Datastore] - RDBMS support configured for "java.math.BigInteger" using jdbc-types=[NUMERIC], sql-types=[NUMERIC, NUMBER] with default (jdbc-type=NUMERIC, sql-type=NUMERIC)
00:41:05,875 (main) DEBUG [DataNucleus.Datastore] - RDBMS support configured for "java.sql.Date" using jdbc-types=[DATE, TIMESTAMP, VARCHAR, CHAR, BIGINT], sql-types=[DATE, TIMESTAMP, VARCHAR, CHAR, BIGINT] with default (jdbc-type=DATE, sql-type=DATE)
00:41:05,876 (main) DEBUG [DataNucleus.Datastore] - RDBMS support configured for "java.sql.Time" using jdbc-types=[TIMESTAMP, VARCHAR, CHAR, TIME, BIGINT], sql-types=[TIMESTAMP, VARCHAR, CHAR, TIME, BIGINT] with default (jdbc-type=TIME, sql-type=TIME)
00:41:05,876 (main) DEBUG [DataNucleus.Datastore] - RDBMS support configured for "java.sql.Timestamp" using jdbc-types=[DATE, TIMESTAMP, VARCHAR, CHAR, TIME], sql-types=[DATE, TIMESTAMP, VARCHAR, CHAR, TIME] with default (jdbc-type=TIMESTAMP, sql-type=TIMESTAMP)
00:41:05,876 (main) DEBUG [DataNucleus.Datastore] - RDBMS support configured for "java.util.Date" using jdbc-types=[DATE, TIMESTAMP, VARCHAR, CHAR, TIME, BIGINT], sql-types=[DATE, TIMESTAMP, VARCHAR, CHAR, TIME, BIGINT] with default (jdbc-type=TIMESTAMP, sql-type=TIMESTAMP)
00:41:05,876 (main) DEBUG [DataNucleus.Datastore] - RDBMS support configured for "org.datanucleus.identity.DatastoreId" using jdbc-types=[NUMERIC, VARCHAR, CHAR, BIGINT, INTEGER], sql-types=[NUMERIC, VARCHAR, CHAR, BIGINT, INTEGER] with default (jdbc-type=NUMERIC, sql-type=NUMERIC)
00:41:05,895 (main) DEBUG [DataNucleus.Datastore] - ======================= Datastore =========================
00:41:05,895 (main) DEBUG [DataNucleus.Datastore] - StoreManager : "rdbms" (org.datanucleus.store.rdbms.RDBMSStoreManager)
00:41:05,895 (main) DEBUG [DataNucleus.Datastore] - Datastore : read-write
00:41:05,895 (main) DEBUG [DataNucleus.Datastore] - Schema Control : AutoCreate(None), Validate(None)
00:41:05,895 (main) DEBUG [DataNucleus.Datastore] - Schema : NamingFactory=datanucleus2 identifierCase=null
00:41:05,895 (main) DEBUG [DataNucleus.Datastore] - Query Languages : JDOQL, JPQL, STOREDPROC, SQL
00:41:05,895 (main) DEBUG [DataNucleus.Datastore] - Queries : Timeout=0
00:41:05,895 (main) DEBUG [DataNucleus.Datastore] - ===========================================================
00:41:05,895 (main) DEBUG [DataNucleus.Datastore] - Datastore Adapter : org.datanucleus.store.rdbms.adapter.OracleAdapter
00:41:05,895 (main) DEBUG [DataNucleus.Datastore] - Datastore : name="Oracle" version="Oracle Database 12c Enterprise Edition Release 12.1.0.2.0 - 64bit Production
With the Partitioning, OLAP, Advanced Analytics and Real Application Testing options"
00:41:05,896 (main) DEBUG [DataNucleus.Datastore] - Datastore Driver : name="Oracle JDBC driver" version="12.2.0.1.0"
00:41:05,896 (main) DEBUG [DataNucleus.Datastore] - Primary Connection Factory : URL[jdbc:oracle:thin:@fn3.oracle.virtual.uniandes.edu.co:1521:prod]
00:41:05,896 (main) DEBUG [DataNucleus.Datastore] - Secondary Connection Factory : URL[jdbc:oracle:thin:@fn3.oracle.virtual.uniandes.edu.co:1521:prod]
00:41:05,896 (main) DEBUG [DataNucleus.Datastore] - Datastore Identifiers : factory="datanucleus2" case=UPPERCASE schema=GBRAVO
00:41:05,896 (main) DEBUG [DataNucleus.Datastore] - Supported Identifier Cases : "MixedCase" UPPERCASE "MixedCase-Sensitive" 
00:41:05,897 (main) DEBUG [DataNucleus.Datastore] - Supported Identifier Lengths (max) : Table=30 Column=30 Constraint=30 Index=30 Delimiter="
00:41:05,897 (main) DEBUG [DataNucleus.Datastore] - Support for Identifiers in DDL : catalog=false schema=true
00:41:05,897 (main) DEBUG [DataNucleus.Datastore] - Datastore : checkTableViewExistence, rdbmsConstraintCreateMode=DataNucleus, initialiseColumnInfo=ALL
00:41:05,897 (main) DEBUG [DataNucleus.Datastore] - Support Statement Batching : yes (max-batch-size=50)
00:41:05,897 (main) DEBUG [DataNucleus.Datastore] - Queries : Results direction=forward, type=forward-only, concurrency=read-only
00:41:05,897 (main) DEBUG [DataNucleus.Datastore] - Java-Types : string-default-length=255
00:41:05,897 (main) DEBUG [DataNucleus.Datastore] - JDBC-Types : NCLOB, NCHAR, [id=2007], REF, CLOB, BLOB, ARRAY, STRUCT, DATE, TIME, TIMESTAMP, VARCHAR, LONGVARCHAR, VARBINARY, LONGVARBINARY, BIGINT, TINYINT, BIT, NVARCHAR, [id=-101], CHAR, [id=-103], NUMERIC, [id=-102], DECIMAL, INTEGER, SMALLINT, FLOAT, REAL, DOUBLE, [id=-104]
00:41:05,897 (main) DEBUG [DataNucleus.Datastore] - ===========================================================
00:41:05,897 (main) DEBUG [DataNucleus.Connection] - ManagedConnection CLOSED : "org.datanucleus.store.rdbms.ConnectionFactoryImpl$ManagedConnectionImpl@48f278eb [conn=org.datanucleus.store.rdbms.datasource.dbcp2.PoolingDataSource$PoolGuardConnectionWrapper@264f218, commitOnRelease=true, closeOnRelease=true, closeOnTxnEnd=true]"
00:41:05,899 (main) DEBUG [DataNucleus.Datastore] - StoreManager now created
00:41:05,902 (main) DEBUG [DataNucleus.Persistence] - Started pool of ExecutionContext (maxPool=20, reaperThread=false)
00:41:05,910 (main) DEBUG [DataNucleus.Persistence] - ================= NucleusContext ===============
00:41:05,910 (main) DEBUG [DataNucleus.Persistence] - DataNucleus Context : Version "5.1.10" with JRE "1.8.0_201" on "Windows 10"
00:41:05,910 (main) DEBUG [DataNucleus.Persistence] - Persistence API : JDO
00:41:05,910 (main) DEBUG [DataNucleus.Persistence] - Persistence-Unit : Parranderos
00:41:05,910 (main) DEBUG [DataNucleus.Persistence] - Plugin Registry : org.datanucleus.plugin.NonManagedPluginRegistry
00:41:05,910 (main) DEBUG [DataNucleus.Persistence] - ClassLoading : default
00:41:05,910 (main) DEBUG [DataNucleus.Persistence] - Persistence : pm-singlethreaded, nontransactional-read, nontransactional-write, reachability-at-commit, copy-on-attach, managed-relations(checked), deletion-policy=JDO2, serverTimeZone=America/Bogota
00:41:05,910 (main) DEBUG [DataNucleus.Persistence] - Transactions : type=RESOURCE_LOCAL, mode=datastore, isolation=read-committed
00:41:05,910 (main) DEBUG [DataNucleus.Persistence] - ValueGeneration : txn-isolation=read-committed connection=New
00:41:05,911 (main) DEBUG [DataNucleus.Persistence] - Cache : Level1 (soft), Level2 (soft, mode=UNSPECIFIED), QueryResults (soft), Collections/Maps 
00:41:05,911 (main) DEBUG [DataNucleus.Persistence] - ================================================
00:41:11,229 (AWT-EventQueue-0) DEBUG [DataNucleus.Persistence] - ExecutionContext OPENED "org.datanucleus.ExecutionContextImpl@632e3fa5" for datastore "org.datanucleus.store.rdbms.RDBMSStoreManager@440f28a8" with txn="org.datanucleus.TransactionImpl@24f49eeb"
00:41:11,242 (AWT-EventQueue-0) DEBUG [DataNucleus.Transaction] - Transaction created [DataNucleus Transaction, ID=-1025450763-1, enlisted resources=[]]
00:41:11,242 (AWT-EventQueue-0) DEBUG [DataNucleus.Transaction] - Transaction begun for ExecutionContext org.datanucleus.ExecutionContextImpl@632e3fa5 (optimistic=false)
00:41:11,242 (AWT-EventQueue-0) DEBUG [DataNucleus.Persistence] - ExecutionContext OPENED "org.datanucleus.ExecutionContextImpl@5c26dc57" for datastore "org.datanucleus.store.rdbms.RDBMSStoreManager@440f28a8" with txn="org.datanucleus.TransactionImpl@14d0dbdb"
00:41:11,256 (AWT-EventQueue-0) DEBUG [DataNucleus.Query] - SQL Query : "SELECT HOTELANDES_SEQUENCE.nextval FROM DUAL"
00:41:11,277 (AWT-EventQueue-0) DEBUG [DataNucleus.Connection] - ManagedConnection OPENED : "org.datanucleus.store.rdbms.ConnectionFactoryImpl$ManagedConnectionImpl@10397822 [conn=org.datanucleus.store.rdbms.datasource.dbcp2.PoolingDataSource$PoolGuardConnectionWrapper@7143cced, commitOnRelease=true, closeOnRelease=true, closeOnTxnEnd=true]" on resource "nontx" with isolation level "read-committed" and auto-commit=false
00:41:11,375 (AWT-EventQueue-0) DEBUG [DataNucleus.Datastore] - Using PreparedStatement "oracle.jdbc.driver.OraclePreparedStatementWrapper@63cec474" for connection "org.datanucleus.store.rdbms.datasource.dbcp2.PoolingDataSource$PoolGuardConnectionWrapper@7143cced"
00:41:11,378 (AWT-EventQueue-0) DEBUG [DataNucleus.Datastore.Native] - SELECT HOTELANDES_SEQUENCE.nextval FROM DUAL
00:41:11,400 (AWT-EventQueue-0) DEBUG [DataNucleus.Datastore] - Closing PreparedStatement "org.datanucleus.store.rdbms.ParamLoggingPreparedStatement@528ff64d"
00:41:11,400 (AWT-EventQueue-0) DEBUG [DataNucleus.Connection] - ManagedConnection COMMITTING : "org.datanucleus.store.rdbms.ConnectionFactoryImpl$ManagedConnectionImpl@10397822 [conn=org.datanucleus.store.rdbms.datasource.dbcp2.PoolingDataSource$PoolGuardConnectionWrapper@7143cced, commitOnRelease=true, closeOnRelease=true, closeOnTxnEnd=true]"
00:41:11,419 (AWT-EventQueue-0) DEBUG [DataNucleus.Connection] - ManagedConnection CLOSED : "org.datanucleus.store.rdbms.ConnectionFactoryImpl$ManagedConnectionImpl@10397822 [conn=org.datanucleus.store.rdbms.datasource.dbcp2.PoolingDataSource$PoolGuardConnectionWrapper@7143cced, commitOnRelease=true, closeOnRelease=true, closeOnTxnEnd=true]"
00:41:11,452 (AWT-EventQueue-0) DEBUG [DataNucleus.Transaction] - Transaction rolling back for ExecutionContext org.datanucleus.ExecutionContextImpl@632e3fa5
00:41:11,455 (AWT-EventQueue-0) DEBUG [DataNucleus.Transaction] - Rolling back [DataNucleus Transaction, ID=-1025450763-1, enlisted resources=[]]
00:41:11,455 (AWT-EventQueue-0) DEBUG [DataNucleus.Transaction] - Transaction rolled back in 3 ms
00:41:11,456 (AWT-EventQueue-0) DEBUG [DataNucleus.Persistence] - ExecutionContext CLOSED "org.datanucleus.ExecutionContextImpl@632e3fa5"
00:48:10,398 (main) DEBUG [DataNucleus.General] - Using PluginRegistry org.datanucleus.plugin.NonManagedPluginRegistry
00:48:10,425 (main) DEBUG [DataNucleus.General] - Registering bundle org.datanucleus.api.jdo version 5.1.7 at URL file:/C:/Users/Tobia%20Gasparoni/Documents/Universidad%20de%20los%20Andes/4%20Semestre/Sistemas%20transaccionales/HotelAndes/lib/datanucleus-api-jdo-5.1.7.jar.
00:48:10,439 (main) DEBUG [DataNucleus.General] - Loading extension points and extensions from plug-in file jar:file:/C:/Users/Tobia%20Gasparoni/Documents/Universidad%20de%20los%20Andes/4%20Semestre/Sistemas%20transaccionales/HotelAndes/lib/datanucleus-api-jdo-5.1.7.jar!/plugin.xml.
00:48:10,446 (main) DEBUG [DataNucleus.General] - Registering bundle org.datanucleus version 5.1.10 at URL file:/C:/Users/Tobia%20Gasparoni/Documents/Universidad%20de%20los%20Andes/4%20Semestre/Sistemas%20transaccionales/HotelAndes/lib/datanucleus-core-5.1.10.jar.
00:48:10,449 (main) DEBUG [DataNucleus.General] - Loading extension points and extensions from plug-in file jar:file:/C:/Users/Tobia%20Gasparoni/Documents/Universidad%20de%20los%20Andes/4%20Semestre/Sistemas%20transaccionales/HotelAndes/lib/datanucleus-core-5.1.10.jar!/plugin.xml.
00:48:10,471 (main) DEBUG [DataNucleus.General] - Registering bundle org.datanucleus.store.rdbms version 5.1.10 at URL file:/C:/Users/Tobia%20Gasparoni/Documents/Universidad%20de%20los%20Andes/4%20Semestre/Sistemas%20transaccionales/HotelAndes/lib/datanucleus-rdbms-5.1.10.jar.
00:48:10,475 (main) DEBUG [DataNucleus.General] - Loading extension points and extensions from plug-in file jar:file:/C:/Users/Tobia%20Gasparoni/Documents/Universidad%20de%20los%20Andes/4%20Semestre/Sistemas%20transaccionales/HotelAndes/lib/datanucleus-rdbms-5.1.10.jar!/plugin.xml.
00:48:10,524 (main) DEBUG [DataNucleus.MetaData] - Parsing MetaData file "file:/C:/Users/Tobia%20Gasparoni/Documents/Universidad%20de%20los%20Andes/4%20Semestre/Sistemas%20transaccionales/HotelAndes/resources/META-INF/persistence.xml" using handler "persistence" (validation="false")
00:48:10,531 (main) DEBUG [DataNucleus.MetaData] - Parsing MetaData file "file:/C:/Users/Tobia%20Gasparoni/Documents/Universidad%20de%20los%20Andes/4%20Semestre/Sistemas%20transaccionales/HotelAndes/target/classes/META-INF/persistence.xml" using handler "persistence" (validation="false")
01:12:13,931 (main) DEBUG [DataNucleus.General] - Using PluginRegistry org.datanucleus.plugin.NonManagedPluginRegistry
01:12:13,959 (main) DEBUG [DataNucleus.General] - Registering bundle org.datanucleus.api.jdo version 5.1.7 at URL file:/C:/Users/Tobia%20Gasparoni/Documents/Universidad%20de%20los%20Andes/4%20Semestre/Sistemas%20transaccionales/HotelAndes/lib/datanucleus-api-jdo-5.1.7.jar.
01:12:13,973 (main) DEBUG [DataNucleus.General] - Loading extension points and extensions from plug-in file jar:file:/C:/Users/Tobia%20Gasparoni/Documents/Universidad%20de%20los%20Andes/4%20Semestre/Sistemas%20transaccionales/HotelAndes/lib/datanucleus-api-jdo-5.1.7.jar!/plugin.xml.
01:12:13,981 (main) DEBUG [DataNucleus.General] - Registering bundle org.datanucleus version 5.1.10 at URL file:/C:/Users/Tobia%20Gasparoni/Documents/Universidad%20de%20los%20Andes/4%20Semestre/Sistemas%20transaccionales/HotelAndes/lib/datanucleus-core-5.1.10.jar.
01:12:13,984 (main) DEBUG [DataNucleus.General] - Loading extension points and extensions from plug-in file jar:file:/C:/Users/Tobia%20Gasparoni/Documents/Universidad%20de%20los%20Andes/4%20Semestre/Sistemas%20transaccionales/HotelAndes/lib/datanucleus-core-5.1.10.jar!/plugin.xml.
01:12:14,007 (main) DEBUG [DataNucleus.General] - Registering bundle org.datanucleus.store.rdbms version 5.1.10 at URL file:/C:/Users/Tobia%20Gasparoni/Documents/Universidad%20de%20los%20Andes/4%20Semestre/Sistemas%20transaccionales/HotelAndes/lib/datanucleus-rdbms-5.1.10.jar.
01:12:14,012 (main) DEBUG [DataNucleus.General] - Loading extension points and extensions from plug-in file jar:file:/C:/Users/Tobia%20Gasparoni/Documents/Universidad%20de%20los%20Andes/4%20Semestre/Sistemas%20transaccionales/HotelAndes/lib/datanucleus-rdbms-5.1.10.jar!/plugin.xml.
01:12:14,062 (main) DEBUG [DataNucleus.MetaData] - Parsing MetaData file "file:/C:/Users/Tobia%20Gasparoni/Documents/Universidad%20de%20los%20Andes/4%20Semestre/Sistemas%20transaccionales/HotelAndes/resources/META-INF/persistence.xml" using handler "persistence" (validation="false")
01:12:14,069 (main) DEBUG [DataNucleus.MetaData] - Parsing MetaData file "file:/C:/Users/Tobia%20Gasparoni/Documents/Universidad%20de%20los%20Andes/4%20Semestre/Sistemas%20transaccionales/HotelAndes/target/classes/META-INF/persistence.xml" using handler "persistence" (validation="false")
01:37:16,217 (main) DEBUG [DataNucleus.General] - Using PluginRegistry org.datanucleus.plugin.NonManagedPluginRegistry
01:37:16,245 (main) DEBUG [DataNucleus.General] - Registering bundle org.datanucleus.api.jdo version 5.1.7 at URL file:/C:/Users/Tobia%20Gasparoni/Documents/Universidad%20de%20los%20Andes/4%20Semestre/Sistemas%20transaccionales/HotelAndes/lib/datanucleus-api-jdo-5.1.7.jar.
01:37:16,259 (main) DEBUG [DataNucleus.General] - Loading extension points and extensions from plug-in file jar:file:/C:/Users/Tobia%20Gasparoni/Documents/Universidad%20de%20los%20Andes/4%20Semestre/Sistemas%20transaccionales/HotelAndes/lib/datanucleus-api-jdo-5.1.7.jar!/plugin.xml.
01:37:16,266 (main) DEBUG [DataNucleus.General] - Registering bundle org.datanucleus version 5.1.10 at URL file:/C:/Users/Tobia%20Gasparoni/Documents/Universidad%20de%20los%20Andes/4%20Semestre/Sistemas%20transaccionales/HotelAndes/lib/datanucleus-core-5.1.10.jar.
01:37:16,268 (main) DEBUG [DataNucleus.General] - Loading extension points and extensions from plug-in file jar:file:/C:/Users/Tobia%20Gasparoni/Documents/Universidad%20de%20los%20Andes/4%20Semestre/Sistemas%20transaccionales/HotelAndes/lib/datanucleus-core-5.1.10.jar!/plugin.xml.
01:37:16,291 (main) DEBUG [DataNucleus.General] - Registering bundle org.datanucleus.store.rdbms version 5.1.10 at URL file:/C:/Users/Tobia%20Gasparoni/Documents/Universidad%20de%20los%20Andes/4%20Semestre/Sistemas%20transaccionales/HotelAndes/lib/datanucleus-rdbms-5.1.10.jar.
01:37:16,296 (main) DEBUG [DataNucleus.General] - Loading extension points and extensions from plug-in file jar:file:/C:/Users/Tobia%20Gasparoni/Documents/Universidad%20de%20los%20Andes/4%20Semestre/Sistemas%20transaccionales/HotelAndes/lib/datanucleus-rdbms-5.1.10.jar!/plugin.xml.
01:37:16,343 (main) DEBUG [DataNucleus.MetaData] - Parsing MetaData file "file:/C:/Users/Tobia%20Gasparoni/Documents/Universidad%20de%20los%20Andes/4%20Semestre/Sistemas%20transaccionales/HotelAndes/resources/META-INF/persistence.xml" using handler "persistence" (validation="false")
01:37:16,350 (main) DEBUG [DataNucleus.MetaData] - Parsing MetaData file "file:/C:/Users/Tobia%20Gasparoni/Documents/Universidad%20de%20los%20Andes/4%20Semestre/Sistemas%20transaccionales/HotelAndes/target/classes/META-INF/persistence.xml" using handler "persistence" (validation="false")
01:39:52,306 (main) DEBUG [DataNucleus.General] - Using PluginRegistry org.datanucleus.plugin.NonManagedPluginRegistry
01:39:52,333 (main) DEBUG [DataNucleus.General] - Registering bundle org.datanucleus.api.jdo version 5.1.7 at URL file:/C:/Users/Tobia%20Gasparoni/Documents/Universidad%20de%20los%20Andes/4%20Semestre/Sistemas%20transaccionales/HotelAndes/lib/datanucleus-api-jdo-5.1.7.jar.
01:39:52,348 (main) DEBUG [DataNucleus.General] - Loading extension points and extensions from plug-in file jar:file:/C:/Users/Tobia%20Gasparoni/Documents/Universidad%20de%20los%20Andes/4%20Semestre/Sistemas%20transaccionales/HotelAndes/lib/datanucleus-api-jdo-5.1.7.jar!/plugin.xml.
01:39:52,355 (main) DEBUG [DataNucleus.General] - Registering bundle org.datanucleus version 5.1.10 at URL file:/C:/Users/Tobia%20Gasparoni/Documents/Universidad%20de%20los%20Andes/4%20Semestre/Sistemas%20transaccionales/HotelAndes/lib/datanucleus-core-5.1.10.jar.
01:39:52,358 (main) DEBUG [DataNucleus.General] - Loading extension points and extensions from plug-in file jar:file:/C:/Users/Tobia%20Gasparoni/Documents/Universidad%20de%20los%20Andes/4%20Semestre/Sistemas%20transaccionales/HotelAndes/lib/datanucleus-core-5.1.10.jar!/plugin.xml.
01:39:52,381 (main) DEBUG [DataNucleus.General] - Registering bundle org.datanucleus.store.rdbms version 5.1.10 at URL file:/C:/Users/Tobia%20Gasparoni/Documents/Universidad%20de%20los%20Andes/4%20Semestre/Sistemas%20transaccionales/HotelAndes/lib/datanucleus-rdbms-5.1.10.jar.
01:39:52,385 (main) DEBUG [DataNucleus.General] - Loading extension points and extensions from plug-in file jar:file:/C:/Users/Tobia%20Gasparoni/Documents/Universidad%20de%20los%20Andes/4%20Semestre/Sistemas%20transaccionales/HotelAndes/lib/datanucleus-rdbms-5.1.10.jar!/plugin.xml.
01:39:52,438 (main) DEBUG [DataNucleus.MetaData] - Parsing MetaData file "file:/C:/Users/Tobia%20Gasparoni/Documents/Universidad%20de%20los%20Andes/4%20Semestre/Sistemas%20transaccionales/HotelAndes/resources/META-INF/persistence.xml" using handler "persistence" (validation="false")
01:39:52,446 (main) DEBUG [DataNucleus.MetaData] - Parsing MetaData file "file:/C:/Users/Tobia%20Gasparoni/Documents/Universidad%20de%20los%20Andes/4%20Semestre/Sistemas%20transaccionales/HotelAndes/target/classes/META-INF/persistence.xml" using handler "persistence" (validation="false")
01:42:17,910 (main) DEBUG [DataNucleus.General] - Using PluginRegistry org.datanucleus.plugin.NonManagedPluginRegistry
01:42:17,936 (main) DEBUG [DataNucleus.General] - Registering bundle org.datanucleus.api.jdo version 5.1.7 at URL file:/C:/Users/Tobia%20Gasparoni/Documents/Universidad%20de%20los%20Andes/4%20Semestre/Sistemas%20transaccionales/HotelAndes/lib/datanucleus-api-jdo-5.1.7.jar.
01:42:17,951 (main) DEBUG [DataNucleus.General] - Loading extension points and extensions from plug-in file jar:file:/C:/Users/Tobia%20Gasparoni/Documents/Universidad%20de%20los%20Andes/4%20Semestre/Sistemas%20transaccionales/HotelAndes/lib/datanucleus-api-jdo-5.1.7.jar!/plugin.xml.
01:42:17,958 (main) DEBUG [DataNucleus.General] - Registering bundle org.datanucleus version 5.1.10 at URL file:/C:/Users/Tobia%20Gasparoni/Documents/Universidad%20de%20los%20Andes/4%20Semestre/Sistemas%20transaccionales/HotelAndes/lib/datanucleus-core-5.1.10.jar.
01:42:17,961 (main) DEBUG [DataNucleus.General] - Loading extension points and extensions from plug-in file jar:file:/C:/Users/Tobia%20Gasparoni/Documents/Universidad%20de%20los%20Andes/4%20Semestre/Sistemas%20transaccionales/HotelAndes/lib/datanucleus-core-5.1.10.jar!/plugin.xml.
01:42:17,983 (main) DEBUG [DataNucleus.General] - Registering bundle org.datanucleus.store.rdbms version 5.1.10 at URL file:/C:/Users/Tobia%20Gasparoni/Documents/Universidad%20de%20los%20Andes/4%20Semestre/Sistemas%20transaccionales/HotelAndes/lib/datanucleus-rdbms-5.1.10.jar.
01:42:17,987 (main) DEBUG [DataNucleus.General] - Loading extension points and extensions from plug-in file jar:file:/C:/Users/Tobia%20Gasparoni/Documents/Universidad%20de%20los%20Andes/4%20Semestre/Sistemas%20transaccionales/HotelAndes/lib/datanucleus-rdbms-5.1.10.jar!/plugin.xml.
01:42:18,036 (main) DEBUG [DataNucleus.MetaData] - Parsing MetaData file "file:/C:/Users/Tobia%20Gasparoni/Documents/Universidad%20de%20los%20Andes/4%20Semestre/Sistemas%20transaccionales/HotelAndes/resources/META-INF/persistence.xml" using handler "persistence" (validation="false")
01:42:18,045 (main) DEBUG [DataNucleus.MetaData] - Parsing MetaData file "file:/C:/Users/Tobia%20Gasparoni/Documents/Universidad%20de%20los%20Andes/4%20Semestre/Sistemas%20transaccionales/HotelAndes/target/classes/META-INF/persistence.xml" using handler "persistence" (validation="false")
01:44:21,168 (main) DEBUG [DataNucleus.General] - Using PluginRegistry org.datanucleus.plugin.NonManagedPluginRegistry
01:44:21,194 (main) DEBUG [DataNucleus.General] - Registering bundle org.datanucleus.api.jdo version 5.1.7 at URL file:/C:/Users/Tobia%20Gasparoni/Documents/Universidad%20de%20los%20Andes/4%20Semestre/Sistemas%20transaccionales/HotelAndes/lib/datanucleus-api-jdo-5.1.7.jar.
01:44:21,209 (main) DEBUG [DataNucleus.General] - Loading extension points and extensions from plug-in file jar:file:/C:/Users/Tobia%20Gasparoni/Documents/Universidad%20de%20los%20Andes/4%20Semestre/Sistemas%20transaccionales/HotelAndes/lib/datanucleus-api-jdo-5.1.7.jar!/plugin.xml.
01:44:21,216 (main) DEBUG [DataNucleus.General] - Registering bundle org.datanucleus version 5.1.10 at URL file:/C:/Users/Tobia%20Gasparoni/Documents/Universidad%20de%20los%20Andes/4%20Semestre/Sistemas%20transaccionales/HotelAndes/lib/datanucleus-core-5.1.10.jar.
01:44:21,218 (main) DEBUG [DataNucleus.General] - Loading extension points and extensions from plug-in file jar:file:/C:/Users/Tobia%20Gasparoni/Documents/Universidad%20de%20los%20Andes/4%20Semestre/Sistemas%20transaccionales/HotelAndes/lib/datanucleus-core-5.1.10.jar!/plugin.xml.
01:44:21,242 (main) DEBUG [DataNucleus.General] - Registering bundle org.datanucleus.store.rdbms version 5.1.10 at URL file:/C:/Users/Tobia%20Gasparoni/Documents/Universidad%20de%20los%20Andes/4%20Semestre/Sistemas%20transaccionales/HotelAndes/lib/datanucleus-rdbms-5.1.10.jar.
01:44:21,247 (main) DEBUG [DataNucleus.General] - Loading extension points and extensions from plug-in file jar:file:/C:/Users/Tobia%20Gasparoni/Documents/Universidad%20de%20los%20Andes/4%20Semestre/Sistemas%20transaccionales/HotelAndes/lib/datanucleus-rdbms-5.1.10.jar!/plugin.xml.
01:44:21,298 (main) DEBUG [DataNucleus.MetaData] - Parsing MetaData file "file:/C:/Users/Tobia%20Gasparoni/Documents/Universidad%20de%20los%20Andes/4%20Semestre/Sistemas%20transaccionales/HotelAndes/resources/META-INF/persistence.xml" using handler "persistence" (validation="false")
01:44:21,306 (main) DEBUG [DataNucleus.MetaData] - Parsing MetaData file "file:/C:/Users/Tobia%20Gasparoni/Documents/Universidad%20de%20los%20Andes/4%20Semestre/Sistemas%20transaccionales/HotelAndes/target/classes/META-INF/persistence.xml" using handler "persistence" (validation="false")
01:44:21,325 (main) DEBUG [DataNucleus.Persistence] - Java types support initialising ...
01:44:21,414 (main) DEBUG [DataNucleus.Persistence] - Java types support loaded : supported java types=[B, [C, [D, [F, [I, [J, [Ljava.lang.Boolean;, [Ljava.lang.Byte;, [Ljava.lang.Character;, [Ljava.lang.Double;, [Ljava.lang.Enum;, [Ljava.lang.Float;, [Ljava.lang.Integer;, [Ljava.lang.Long;, [Ljava.lang.Number;, [Ljava.lang.Object;, [Ljava.lang.Short;, [Ljava.lang.String;, [Ljava.math.BigDecimal;, [Ljava.math.BigInteger;, [Ljava.util.Date;, [Ljava.util.Locale;, [S, [Z, boolean, byte, char, double, float, int, java.awt.Color, java.awt.image.BufferedImage, java.lang.Boolean, java.lang.Byte, java.lang.Character, java.lang.Class, java.lang.Double, java.lang.Enum, java.lang.Float, java.lang.Integer, java.lang.Long, java.lang.Number, java.lang.Short, java.lang.String, java.lang.StringBuffer, java.lang.StringBuilder, java.math.BigDecimal, java.math.BigInteger, java.net.URI, java.net.URL, java.sql.Date, java.sql.Time, java.sql.Timestamp, java.time.Duration, java.time.Instant, java.time.LocalDate, java.time.LocalDateTime, java.time.LocalTime, java.time.MonthDay, java.time.OffsetDateTime, java.time.OffsetTime, java.time.Period, java.time.Year, java.time.YearMonth, java.time.ZonedDateTime, java.time.ZoneId, java.time.ZoneOffset, java.util.ArrayList, java.util.Arrays$ArrayList, java.util.BitSet, java.util.Calendar, java.util.Collection, java.util.Currency, java.util.Date, java.util.GregorianCalendar, java.util.HashMap, java.util.HashSet, java.util.Hashtable, java.util.LinkedHashMap, java.util.LinkedHashSet, java.util.LinkedList, java.util.List, java.util.Locale, java.util.Map, java.util.Optional, java.util.PriorityQueue, java.util.Properties, java.util.Queue, java.util.Set, java.util.SortedMap, java.util.SortedSet, java.util.Stack, java.util.TimeZone, java.util.TreeMap, java.util.TreeSet, java.util.UUID, java.util.Vector, long, short
01:44:21,415 (main) DEBUG [DataNucleus.Persistence] - Type converter support initialising ...
01:44:21,500 (main) DEBUG [DataNucleus.Persistence] - Type converter support loaded
01:44:21,501 (main) DEBUG [DataNucleus.Persistence] - TypeConverter(s) available for byte[] to : java.nio.ByteBuffer
01:44:21,501 (main) DEBUG [DataNucleus.Persistence] - TypeConverter(s) available for char[] to : java.nio.ByteBuffer
01:44:21,501 (main) DEBUG [DataNucleus.Persistence] - TypeConverter(s) available for double[] to : java.nio.ByteBuffer
01:44:21,501 (main) DEBUG [DataNucleus.Persistence] - TypeConverter(s) available for float[] to : java.nio.ByteBuffer
01:44:21,501 (main) DEBUG [DataNucleus.Persistence] - TypeConverter(s) available for int[] to : java.nio.ByteBuffer
01:44:21,501 (main) DEBUG [DataNucleus.Persistence] - TypeConverter(s) available for long[] to : java.nio.ByteBuffer
01:44:21,501 (main) DEBUG [DataNucleus.Persistence] - TypeConverter(s) available for [Ljava.math.BigDecimal; to : java.nio.ByteBuffer
01:44:21,501 (main) DEBUG [DataNucleus.Persistence] - TypeConverter(s) available for [Ljava.math.BigInteger; to : java.nio.ByteBuffer
01:44:21,502 (main) DEBUG [DataNucleus.Persistence] - TypeConverter(s) available for short[] to : java.nio.ByteBuffer
01:44:21,502 (main) DEBUG [DataNucleus.Persistence] - TypeConverter(s) available for boolean[] to : java.nio.ByteBuffer
01:44:21,502 (main) DEBUG [DataNucleus.Persistence] - TypeConverter(s) available for java.awt.Color to : java.lang.String,int[]
01:44:21,502 (main) DEBUG [DataNucleus.Persistence] - TypeConverter(s) available for java.awt.image.BufferedImage to : byte[],java.nio.ByteBuffer
01:44:21,502 (main) DEBUG [DataNucleus.Persistence] - TypeConverter(s) available for java.io.Serializable to : java.lang.String,byte[],java.nio.ByteBuffer
01:44:21,502 (main) DEBUG [DataNucleus.Persistence] - TypeConverter(s) available for java.lang.Boolean to : java.lang.Integer,java.lang.Character
01:44:21,502 (main) DEBUG [DataNucleus.Persistence] - TypeConverter(s) available for java.lang.Character to : java.lang.String
01:44:21,502 (main) DEBUG [DataNucleus.Persistence] - TypeConverter(s) available for java.lang.Class to : java.lang.String
01:44:21,502 (main) DEBUG [DataNucleus.Persistence] - TypeConverter(s) available for java.lang.Integer to : java.lang.String
01:44:21,502 (main) DEBUG [DataNucleus.Persistence] - TypeConverter(s) available for java.lang.Long to : java.lang.String
01:44:21,502 (main) DEBUG [DataNucleus.Persistence] - TypeConverter(s) available for java.lang.StringBuffer to : java.lang.String
01:44:21,502 (main) DEBUG [DataNucleus.Persistence] - TypeConverter(s) available for java.lang.StringBuilder to : java.lang.String
01:44:21,502 (main) DEBUG [DataNucleus.Persistence] - TypeConverter(s) available for java.math.BigDecimal to : java.lang.String,java.lang.Double
01:44:21,503 (main) DEBUG [DataNucleus.Persistence] - TypeConverter(s) available for java.math.BigInteger to : java.lang.String,java.lang.Long
01:44:21,503 (main) DEBUG [DataNucleus.Persistence] - TypeConverter(s) available for java.net.URI to : java.lang.String
01:44:21,503 (main) DEBUG [DataNucleus.Persistence] - TypeConverter(s) available for java.net.URL to : java.lang.String
01:44:21,503 (main) DEBUG [DataNucleus.Persistence] - TypeConverter(s) available for java.sql.Date to : java.lang.String,java.lang.Long,java.util.Date
01:44:21,503 (main) DEBUG [DataNucleus.Persistence] - TypeConverter(s) available for java.sql.Time to : java.lang.String,java.lang.Long,java.util.Date
01:44:21,503 (main) DEBUG [DataNucleus.Persistence] - TypeConverter(s) available for java.sql.Timestamp to : java.lang.String,java.lang.Long,java.util.Date
01:44:21,503 (main) DEBUG [DataNucleus.Persistence] - TypeConverter(s) available for java.time.Duration to : java.lang.String,java.lang.Long,java.lang.Double
01:44:21,503 (main) DEBUG [DataNucleus.Persistence] - TypeConverter(s) available for java.time.Instant to : java.sql.Timestamp,java.lang.String,java.lang.Long,java.util.Date
01:44:21,503 (main) DEBUG [DataNucleus.Persistence] - TypeConverter(s) available for java.time.LocalDate to : java.lang.String,java.sql.Date,java.util.Date
01:44:21,503 (main) DEBUG [DataNucleus.Persistence] - TypeConverter(s) available for java.time.LocalDateTime to : java.sql.Timestamp,java.lang.String,java.util.Date
01:44:21,504 (main) DEBUG [DataNucleus.Persistence] - TypeConverter(s) available for java.time.LocalTime to : java.lang.String,java.lang.Long,java.sql.Time,java.util.Date
01:44:21,504 (main) DEBUG [DataNucleus.Persistence] - TypeConverter(s) available for java.time.MonthDay to : java.lang.String,java.sql.Date,int[],java.util.Date
01:44:21,504 (main) DEBUG [DataNucleus.Persistence] - TypeConverter(s) available for java.time.OffsetDateTime to : java.sql.Timestamp,java.lang.String,java.util.Date
01:44:21,504 (main) DEBUG [DataNucleus.Persistence] - TypeConverter(s) available for java.time.OffsetTime to : java.lang.String,java.lang.Long,java.sql.Time
01:44:21,504 (main) DEBUG [DataNucleus.Persistence] - TypeConverter(s) available for java.time.Period to : java.lang.String,int[]
01:44:21,504 (main) DEBUG [DataNucleus.Persistence] - TypeConverter(s) available for java.time.Year to : java.lang.String,java.lang.Integer
01:44:21,504 (main) DEBUG [DataNucleus.Persistence] - TypeConverter(s) available for java.time.YearMonth to : java.lang.String,java.sql.Date,int[],java.util.Date
01:44:21,504 (main) DEBUG [DataNucleus.Persistence] - TypeConverter(s) available for java.time.ZonedDateTime to : java.sql.Timestamp,java.lang.String
01:44:21,504 (main) DEBUG [DataNucleus.Persistence] - TypeConverter(s) available for java.time.ZoneId to : java.lang.String
01:44:21,504 (main) DEBUG [DataNucleus.Persistence] - TypeConverter(s) available for java.time.ZoneOffset to : java.lang.String
01:44:21,504 (main) DEBUG [DataNucleus.Persistence] - TypeConverter(s) available for java.util.BitSet to : java.lang.String
01:44:21,504 (main) DEBUG [DataNucleus.Persistence] - TypeConverter(s) available for java.util.Calendar to : java.sql.Timestamp,java.lang.String,[Ljava.lang.Object;,java.util.Date
01:44:21,504 (main) DEBUG [DataNucleus.Persistence] - TypeConverter(s) available for java.util.Currency to : java.lang.String
01:44:21,505 (main) DEBUG [DataNucleus.Persistence] - TypeConverter(s) available for java.util.Date to : java.lang.String,java.lang.Long
01:44:21,505 (main) DEBUG [DataNucleus.Persistence] - TypeConverter(s) available for java.util.Locale to : java.lang.String
01:44:21,505 (main) DEBUG [DataNucleus.Persistence] - TypeConverter(s) available for java.util.TimeZone to : java.lang.String
01:44:21,505 (main) DEBUG [DataNucleus.Persistence] - TypeConverter(s) available for java.util.UUID to : java.lang.String
01:44:21,505 (main) DEBUG [DataNucleus.MetaData] - MetaDataManager : Input=(XML,Annotations), XML-Validation=false, XML-Suffices=(persistence=*.jdo, orm=orm, query=*.jdoquery) mapping-name=oracle, JDO-listener=false
01:44:21,505 (main) DEBUG [DataNucleus.MetaData] - MetaData Management : Loading Metadata for persistence-unit "Tobia" ...
01:44:21,505 (main) DEBUG [DataNucleus.MetaData] - MetaData Management : Load of Metadata complete
01:44:21,511 (main) DEBUG [DataNucleus.Datastore] - Creating StoreManager for datastore
01:44:21,752 (main) DEBUG [DataNucleus.Connection] - Created ConnectionPool "tx" as data source using pooling type of dbcp2-builtin
01:44:21,752 (main) DEBUG [DataNucleus.Connection] - Registered transactional connection factory under name "rdbms/tx"
01:44:21,752 (main) DEBUG [DataNucleus.Connection] - Registered nontransactional connection factory under name "rdbms/nontx"
01:44:21,772 (main) DEBUG [DataNucleus.Connection] - Created ConnectionPool "nontx" as data source using pooling type of dbcp2-builtin
01:44:22,804 (main) DEBUG [DataNucleus.Connection] - ManagedConnection OPENED : "org.datanucleus.store.rdbms.ConnectionFactoryImpl$ManagedConnectionImpl@48f278eb [conn=null, commitOnRelease=true, closeOnRelease=true, closeOnTxnEnd=true]" on resource "nontx"
01:44:23,125 (main) DEBUG [DataNucleus.Datastore] - Removing RDBMS support for Java type java.lang.Boolean, jdbc-type=BOOLEAN
01:44:23,126 (main) DEBUG [DataNucleus.Datastore] - RDBMS support configured for "[B" using jdbc-types=[BLOB, VARBINARY, LONGVARBINARY], sql-types=[BLOB, VARBINARY, LONGVARBINARY] with default (jdbc-type=BLOB, sql-type=BLOB)
01:44:23,126 (main) DEBUG [DataNucleus.Datastore] - RDBMS support configured for "java.io.File" using jdbc-types=[LONGVARBINARY], sql-types=[LONGVARBINARY] with default (jdbc-type=LONGVARBINARY, sql-type=LONGVARBINARY)
01:44:23,126 (main) DEBUG [DataNucleus.Datastore] - RDBMS support configured for "java.io.Serializable" using jdbc-types=[BLOB, VARBINARY, LONGVARBINARY], sql-types=[BLOB, VARBINARY, LONGVARBINARY] with default (jdbc-type=BLOB, sql-type=BLOB)
01:44:23,126 (main) DEBUG [DataNucleus.Datastore] - RDBMS support configured for "java.lang.Boolean" using jdbc-types=[NUMERIC, SMALLINT, CHAR, BIT, TINYINT], sql-types=[NUMERIC, SMALLINT, CHAR, BIT, TINYINT] with default (jdbc-type=NUMERIC, sql-type=NUMERIC)
01:44:23,126 (main) DEBUG [DataNucleus.Datastore] - RDBMS support configured for "java.lang.Byte" using jdbc-types=[NUMERIC, SMALLINT, TINYINT], sql-types=[NUMERIC, SMALLINT, TINYINT] with default (jdbc-type=NUMERIC, sql-type=NUMERIC)
01:44:23,126 (main) DEBUG [DataNucleus.Datastore] - RDBMS support configured for "java.lang.Character" using jdbc-types=[NUMERIC, CHAR, INTEGER], sql-types=[NUMERIC, CHAR, INTEGER] with default (jdbc-type=CHAR, sql-type=CHAR)
01:44:23,126 (main) DEBUG [DataNucleus.Datastore] - RDBMS support configured for "java.lang.Double" using jdbc-types=[FLOAT, NUMERIC, DECIMAL, DOUBLE], sql-types=[FLOAT, NUMBER, DECIMAL, DOUBLE] with default (jdbc-type=FLOAT, sql-type=FLOAT)
01:44:23,126 (main) DEBUG [DataNucleus.Datastore] - RDBMS support configured for "java.lang.Float" using jdbc-types=[FLOAT, NUMERIC, REAL, DECIMAL, DOUBLE], sql-types=[FLOAT, NUMBER, REAL, DECIMAL, DOUBLE] with default (jdbc-type=FLOAT, sql-type=FLOAT)
01:44:23,126 (main) DEBUG [DataNucleus.Datastore] - RDBMS support configured for "java.lang.Integer" using jdbc-types=[NUMERIC, SMALLINT, BIGINT, TINYINT, INTEGER], sql-types=[NUMERIC, NUMBER, SMALLINT, BIGINT, TINYINT, INTEGER] with default (jdbc-type=NUMERIC, sql-type=NUMERIC)
01:44:23,126 (main) DEBUG [DataNucleus.Datastore] - RDBMS support configured for "java.lang.Long" using jdbc-types=[NUMERIC, SMALLINT, BIGINT, TINYINT, INTEGER], sql-types=[NUMERIC, NUMBER, SMALLINT, BIGINT, INT, TINYINT] with default (jdbc-type=NUMERIC, sql-type=NUMERIC)
01:44:23,126 (main) DEBUG [DataNucleus.Datastore] - RDBMS support configured for "java.lang.Short" using jdbc-types=[NUMERIC, SMALLINT, TINYINT, INTEGER], sql-types=[NUMERIC, NUMBER, SMALLINT, TINYINT, INTEGER] with default (jdbc-type=NUMERIC, sql-type=NUMERIC)
01:44:23,126 (main) DEBUG [DataNucleus.Datastore] - RDBMS support configured for "java.lang.String" using jdbc-types=[XMLTYPE, BLOB, LONGVARCHAR, CLOB, VARCHAR, CHAR, BIGINT, NVARCHAR, NCHAR], sql-types=[NVARCHAR2, XMLTYPE, BLOB, LONGVARCHAR, CLOB, VARCHAR, CHAR, BIGINT, NVARCHAR, NCHAR] with default (jdbc-type=VARCHAR, sql-type=VARCHAR)
01:44:23,126 (main) DEBUG [DataNucleus.Datastore] - RDBMS support configured for "java.math.BigDecimal" using jdbc-types=[NUMERIC, DECIMAL], sql-types=[NUMERIC, NUMBER, DECIMAL] with default (jdbc-type=NUMERIC, sql-type=NUMERIC)
01:44:23,126 (main) DEBUG [DataNucleus.Datastore] - RDBMS support configured for "java.math.BigInteger" using jdbc-types=[NUMERIC], sql-types=[NUMERIC, NUMBER] with default (jdbc-type=NUMERIC, sql-type=NUMERIC)
01:44:23,126 (main) DEBUG [DataNucleus.Datastore] - RDBMS support configured for "java.sql.Date" using jdbc-types=[DATE, TIMESTAMP, VARCHAR, CHAR, BIGINT], sql-types=[DATE, TIMESTAMP, VARCHAR, CHAR, BIGINT] with default (jdbc-type=DATE, sql-type=DATE)
01:44:23,126 (main) DEBUG [DataNucleus.Datastore] - RDBMS support configured for "java.sql.Time" using jdbc-types=[TIMESTAMP, VARCHAR, CHAR, TIME, BIGINT], sql-types=[TIMESTAMP, VARCHAR, CHAR, TIME, BIGINT] with default (jdbc-type=TIME, sql-type=TIME)
01:44:23,126 (main) DEBUG [DataNucleus.Datastore] - RDBMS support configured for "java.sql.Timestamp" using jdbc-types=[DATE, TIMESTAMP, VARCHAR, CHAR, TIME], sql-types=[DATE, TIMESTAMP, VARCHAR, CHAR, TIME] with default (jdbc-type=TIMESTAMP, sql-type=TIMESTAMP)
01:44:23,126 (main) DEBUG [DataNucleus.Datastore] - RDBMS support configured for "java.util.Date" using jdbc-types=[DATE, TIMESTAMP, VARCHAR, CHAR, TIME, BIGINT], sql-types=[DATE, TIMESTAMP, VARCHAR, CHAR, TIME, BIGINT] with default (jdbc-type=TIMESTAMP, sql-type=TIMESTAMP)
01:44:23,127 (main) DEBUG [DataNucleus.Datastore] - RDBMS support configured for "org.datanucleus.identity.DatastoreId" using jdbc-types=[NUMERIC, VARCHAR, CHAR, BIGINT, INTEGER], sql-types=[NUMERIC, VARCHAR, CHAR, BIGINT, INTEGER] with default (jdbc-type=NUMERIC, sql-type=NUMERIC)
01:44:23,143 (main) DEBUG [DataNucleus.Datastore] - ======================= Datastore =========================
01:44:23,143 (main) DEBUG [DataNucleus.Datastore] - StoreManager : "rdbms" (org.datanucleus.store.rdbms.RDBMSStoreManager)
01:44:23,144 (main) DEBUG [DataNucleus.Datastore] - Datastore : read-write
01:44:23,144 (main) DEBUG [DataNucleus.Datastore] - Schema Control : AutoCreate(None), Validate(None)
01:44:23,144 (main) DEBUG [DataNucleus.Datastore] - Schema : NamingFactory=datanucleus2 identifierCase=null
01:44:23,144 (main) DEBUG [DataNucleus.Datastore] - Query Languages : JDOQL, JPQL, STOREDPROC, SQL
01:44:23,144 (main) DEBUG [DataNucleus.Datastore] - Queries : Timeout=0
01:44:23,144 (main) DEBUG [DataNucleus.Datastore] - ===========================================================
01:44:23,144 (main) DEBUG [DataNucleus.Datastore] - Datastore Adapter : org.datanucleus.store.rdbms.adapter.OracleAdapter
01:44:23,144 (main) DEBUG [DataNucleus.Datastore] - Datastore : name="Oracle" version="Oracle Database 12c Enterprise Edition Release 12.1.0.2.0 - 64bit Production
With the Partitioning, OLAP, Advanced Analytics and Real Application Testing options"
01:44:23,144 (main) DEBUG [DataNucleus.Datastore] - Datastore Driver : name="Oracle JDBC driver" version="12.2.0.1.0"
01:44:23,144 (main) DEBUG [DataNucleus.Datastore] - Primary Connection Factory : URL[jdbc:oracle:thin:@fn3.oracle.virtual.uniandes.edu.co:1521:prod]
01:44:23,144 (main) DEBUG [DataNucleus.Datastore] - Secondary Connection Factory : URL[jdbc:oracle:thin:@fn3.oracle.virtual.uniandes.edu.co:1521:prod]
01:44:23,144 (main) DEBUG [DataNucleus.Datastore] - Datastore Identifiers : factory="datanucleus2" case=UPPERCASE schema=ISIS2304B141910
01:44:23,144 (main) DEBUG [DataNucleus.Datastore] - Supported Identifier Cases : "MixedCase" UPPERCASE "MixedCase-Sensitive" 
01:44:23,145 (main) DEBUG [DataNucleus.Datastore] - Supported Identifier Lengths (max) : Table=30 Column=30 Constraint=30 Index=30 Delimiter="
01:44:23,145 (main) DEBUG [DataNucleus.Datastore] - Support for Identifiers in DDL : catalog=false schema=true
01:44:23,145 (main) DEBUG [DataNucleus.Datastore] - Datastore : checkTableViewExistence, rdbmsConstraintCreateMode=DataNucleus, initialiseColumnInfo=ALL
01:44:23,146 (main) DEBUG [DataNucleus.Datastore] - Support Statement Batching : yes (max-batch-size=50)
01:44:23,146 (main) DEBUG [DataNucleus.Datastore] - Queries : Results direction=forward, type=forward-only, concurrency=read-only
01:44:23,146 (main) DEBUG [DataNucleus.Datastore] - Java-Types : string-default-length=255
01:44:23,146 (main) DEBUG [DataNucleus.Datastore] - JDBC-Types : NCLOB, NCHAR, [id=2007], REF, CLOB, BLOB, ARRAY, STRUCT, DATE, TIME, TIMESTAMP, VARCHAR, LONGVARCHAR, VARBINARY, LONGVARBINARY, BIGINT, TINYINT, BIT, NVARCHAR, [id=-101], CHAR, [id=-103], NUMERIC, [id=-102], DECIMAL, INTEGER, SMALLINT, FLOAT, REAL, DOUBLE, [id=-104]
01:44:23,146 (main) DEBUG [DataNucleus.Datastore] - ===========================================================
01:44:23,146 (main) DEBUG [DataNucleus.Connection] - ManagedConnection CLOSED : "org.datanucleus.store.rdbms.ConnectionFactoryImpl$ManagedConnectionImpl@48f278eb [conn=org.datanucleus.store.rdbms.datasource.dbcp2.PoolingDataSource$PoolGuardConnectionWrapper@264f218, commitOnRelease=true, closeOnRelease=true, closeOnTxnEnd=true]"
01:44:23,147 (main) DEBUG [DataNucleus.Datastore] - StoreManager now created
01:44:23,151 (main) DEBUG [DataNucleus.Persistence] - Started pool of ExecutionContext (maxPool=20, reaperThread=false)
01:44:23,159 (main) DEBUG [DataNucleus.Persistence] - ================= NucleusContext ===============
01:44:23,159 (main) DEBUG [DataNucleus.Persistence] - DataNucleus Context : Version "5.1.10" with JRE "1.8.0_201" on "Windows 10"
01:44:23,159 (main) DEBUG [DataNucleus.Persistence] - Persistence API : JDO
01:44:23,159 (main) DEBUG [DataNucleus.Persistence] - Persistence-Unit : Tobia
01:44:23,159 (main) DEBUG [DataNucleus.Persistence] - Plugin Registry : org.datanucleus.plugin.NonManagedPluginRegistry
01:44:23,159 (main) DEBUG [DataNucleus.Persistence] - ClassLoading : default
01:44:23,159 (main) DEBUG [DataNucleus.Persistence] - Persistence : pm-singlethreaded, nontransactional-read, nontransactional-write, reachability-at-commit, copy-on-attach, managed-relations(checked), deletion-policy=JDO2, serverTimeZone=America/Bogota
01:44:23,159 (main) DEBUG [DataNucleus.Persistence] - Transactions : type=RESOURCE_LOCAL, mode=datastore, isolation=read-committed
01:44:23,159 (main) DEBUG [DataNucleus.Persistence] - ValueGeneration : txn-isolation=read-committed connection=New
01:44:23,159 (main) DEBUG [DataNucleus.Persistence] - Cache : Level1 (soft), Level2 (soft, mode=UNSPECIFIED), QueryResults (soft), Collections/Maps 
01:44:23,159 (main) DEBUG [DataNucleus.Persistence] - ================================================
01:44:29,606 (AWT-EventQueue-0) DEBUG [DataNucleus.Persistence] - ExecutionContext OPENED "org.datanucleus.ExecutionContextImpl@2a013481" for datastore "org.datanucleus.store.rdbms.RDBMSStoreManager@70733f05" with txn="org.datanucleus.TransactionImpl@170a33ee"
01:44:29,618 (AWT-EventQueue-0) DEBUG [DataNucleus.Transaction] - Transaction created [DataNucleus Transaction, ID=1177942690-1, enlisted resources=[]]
01:44:29,619 (AWT-EventQueue-0) DEBUG [DataNucleus.Transaction] - Transaction begun for ExecutionContext org.datanucleus.ExecutionContextImpl@2a013481 (optimistic=false)
01:44:29,619 (AWT-EventQueue-0) DEBUG [DataNucleus.Persistence] - ExecutionContext OPENED "org.datanucleus.ExecutionContextImpl@2a9c11a8" for datastore "org.datanucleus.store.rdbms.RDBMSStoreManager@70733f05" with txn="org.datanucleus.TransactionImpl@14d631a9"
01:44:29,633 (AWT-EventQueue-0) DEBUG [DataNucleus.Query] - SQL Query : "SELECT HOTELANDES_SEQUENCE.nextval FROM DUAL"
01:44:29,652 (AWT-EventQueue-0) DEBUG [DataNucleus.Connection] - ManagedConnection OPENED : "org.datanucleus.store.rdbms.ConnectionFactoryImpl$ManagedConnectionImpl@3133472a [conn=org.datanucleus.store.rdbms.datasource.dbcp2.PoolingDataSource$PoolGuardConnectionWrapper@3da67868, commitOnRelease=true, closeOnRelease=true, closeOnTxnEnd=true]" on resource "nontx" with isolation level "read-committed" and auto-commit=false
01:44:29,754 (AWT-EventQueue-0) DEBUG [DataNucleus.Datastore] - Using PreparedStatement "oracle.jdbc.driver.OraclePreparedStatementWrapper@821d6e4" for connection "org.datanucleus.store.rdbms.datasource.dbcp2.PoolingDataSource$PoolGuardConnectionWrapper@3da67868"
01:44:29,756 (AWT-EventQueue-0) DEBUG [DataNucleus.Datastore.Native] - SELECT HOTELANDES_SEQUENCE.nextval FROM DUAL
01:44:29,793 (AWT-EventQueue-0) DEBUG [DataNucleus.Datastore.Retrieve] - SQL Execution Time = 37 ms
01:44:29,812 (AWT-EventQueue-0) DEBUG [DataNucleus.Connection] - ManagedConnection COMMITTING : "org.datanucleus.store.rdbms.ConnectionFactoryImpl$ManagedConnectionImpl@3133472a [conn=org.datanucleus.store.rdbms.datasource.dbcp2.PoolingDataSource$PoolGuardConnectionWrapper@3da67868, commitOnRelease=true, closeOnRelease=true, closeOnTxnEnd=true]"
01:44:29,832 (AWT-EventQueue-0) DEBUG [DataNucleus.Query] - Reading in results for query "org.datanucleus.store.rdbms.query.SQLQuery@d6d03205" since the connection used is closing/committing
01:44:29,836 (AWT-EventQueue-0) DEBUG [DataNucleus.Connection] - ManagedConnection CLOSED : "org.datanucleus.store.rdbms.ConnectionFactoryImpl$ManagedConnectionImpl@3133472a [conn=org.datanucleus.store.rdbms.datasource.dbcp2.PoolingDataSource$PoolGuardConnectionWrapper@3da67868, commitOnRelease=true, closeOnRelease=true, closeOnTxnEnd=true]"
01:44:29,842 (AWT-EventQueue-0) DEBUG [DataNucleus.Query] - SQL Query : "INSERT INTO TIPOS_HABITACION(id, nombre, descripcion) values (?, ?, ?)"
01:44:29,941 (AWT-EventQueue-0) DEBUG [DataNucleus.Connection] - ManagedConnection OPENED : "org.datanucleus.store.rdbms.ConnectionFactoryImpl$ManagedConnectionImpl@5f043642 [conn=org.datanucleus.store.rdbms.datasource.dbcp2.PoolingDataSource$PoolGuardConnectionWrapper@6da01eac, commitOnRelease=false, closeOnRelease=false, closeOnTxnEnd=true]" on resource "tx" with isolation level "read-committed" and auto-commit=false
01:44:29,945 (AWT-EventQueue-0) DEBUG [DataNucleus.Transaction] - Running enlist operation on resource: org.datanucleus.store.rdbms.ConnectionFactoryImpl$EmulatedXAResource@5b6d7b50, error code TMNOFLAGS and transaction [DataNucleus Transaction, ID=1177942690-1, enlisted resources=[]]
01:44:29,946 (AWT-EventQueue-0) DEBUG [DataNucleus.Datastore] - Using PreparedStatement "org.datanucleus.store.rdbms.ParamLoggingPreparedStatement@18a95ef7" for connection "org.datanucleus.store.rdbms.datasource.dbcp2.PoolingDataSource$PoolGuardConnectionWrapper@6da01eac"
01:44:29,947 (AWT-EventQueue-0) DEBUG [DataNucleus.Datastore.Native] - INSERT INTO TIPOS_HABITACION(id, nombre, descripcion) values (<4>, <'he'>, <'he'>)
01:44:29,969 (AWT-EventQueue-0) DEBUG [DataNucleus.Datastore.Persist] - SQL Execution Time = 22 ms (number of rows = 1) on PreparedStatement "org.datanucleus.store.rdbms.ParamLoggingPreparedStatement@18a95ef7"
01:44:29,969 (AWT-EventQueue-0) DEBUG [DataNucleus.Datastore] - Closing PreparedStatement "org.datanucleus.store.rdbms.ParamLoggingPreparedStatement@18a95ef7"
01:44:29,969 (AWT-EventQueue-0) DEBUG [DataNucleus.Transaction] - Transaction committing for ExecutionContext org.datanucleus.ExecutionContextImpl@2a013481
01:44:29,969 (AWT-EventQueue-0) DEBUG [DataNucleus.Persistence] - ExecutionContext.internalFlush() START : using ordered flush - 0 enlisted objects
01:44:29,978 (AWT-EventQueue-0) DEBUG [DataNucleus.Persistence] - ExecutionContext.internalFlush() END
01:44:29,978 (AWT-EventQueue-0) DEBUG [DataNucleus.Persistence] - Persistence-By-Reachability (commit) : START
01:44:29,978 (AWT-EventQueue-0) DEBUG [DataNucleus.Persistence] - Persistence-By-Reachability (commit) : END
01:44:29,978 (AWT-EventQueue-0) DEBUG [DataNucleus.Transaction] - Committing [DataNucleus Transaction, ID=1177942690-1, enlisted resources=[org.datanucleus.store.rdbms.ConnectionFactoryImpl$EmulatedXAResource@5b6d7b50]]
01:44:29,978 (AWT-EventQueue-0) DEBUG [DataNucleus.Connection] - ManagedConnection COMMITTING : "org.datanucleus.store.rdbms.ConnectionFactoryImpl$ManagedConnectionImpl@5f043642 [conn=org.datanucleus.store.rdbms.datasource.dbcp2.PoolingDataSource$PoolGuardConnectionWrapper@6da01eac, commitOnRelease=false, closeOnRelease=false, closeOnTxnEnd=true]"
01:44:29,998 (AWT-EventQueue-0) DEBUG [DataNucleus.Connection] - ManagedConnection CLOSED : "org.datanucleus.store.rdbms.ConnectionFactoryImpl$ManagedConnectionImpl@5f043642 [conn=org.datanucleus.store.rdbms.datasource.dbcp2.PoolingDataSource$PoolGuardConnectionWrapper@6da01eac, commitOnRelease=false, closeOnRelease=false, closeOnTxnEnd=true]"
01:44:30,022 (AWT-EventQueue-0) DEBUG [DataNucleus.Transaction] - Transaction committed in 53 ms
01:44:30,025 (AWT-EventQueue-0) DEBUG [DataNucleus.Persistence] - ExecutionContext CLOSED "org.datanucleus.ExecutionContextImpl@2a013481"
01:54:13,089 (main) DEBUG [DataNucleus.General] - Using PluginRegistry org.datanucleus.plugin.NonManagedPluginRegistry
01:54:13,115 (main) DEBUG [DataNucleus.General] - Registering bundle org.datanucleus.api.jdo version 5.1.7 at URL file:/C:/Users/Tobia%20Gasparoni/Documents/Universidad%20de%20los%20Andes/4%20Semestre/Sistemas%20transaccionales/HotelAndes/lib/datanucleus-api-jdo-5.1.7.jar.
01:54:13,129 (main) DEBUG [DataNucleus.General] - Loading extension points and extensions from plug-in file jar:file:/C:/Users/Tobia%20Gasparoni/Documents/Universidad%20de%20los%20Andes/4%20Semestre/Sistemas%20transaccionales/HotelAndes/lib/datanucleus-api-jdo-5.1.7.jar!/plugin.xml.
01:54:13,137 (main) DEBUG [DataNucleus.General] - Registering bundle org.datanucleus version 5.1.10 at URL file:/C:/Users/Tobia%20Gasparoni/Documents/Universidad%20de%20los%20Andes/4%20Semestre/Sistemas%20transaccionales/HotelAndes/lib/datanucleus-core-5.1.10.jar.
01:54:13,139 (main) DEBUG [DataNucleus.General] - Loading extension points and extensions from plug-in file jar:file:/C:/Users/Tobia%20Gasparoni/Documents/Universidad%20de%20los%20Andes/4%20Semestre/Sistemas%20transaccionales/HotelAndes/lib/datanucleus-core-5.1.10.jar!/plugin.xml.
01:54:13,161 (main) DEBUG [DataNucleus.General] - Registering bundle org.datanucleus.store.rdbms version 5.1.10 at URL file:/C:/Users/Tobia%20Gasparoni/Documents/Universidad%20de%20los%20Andes/4%20Semestre/Sistemas%20transaccionales/HotelAndes/lib/datanucleus-rdbms-5.1.10.jar.
01:54:13,165 (main) DEBUG [DataNucleus.General] - Loading extension points and extensions from plug-in file jar:file:/C:/Users/Tobia%20Gasparoni/Documents/Universidad%20de%20los%20Andes/4%20Semestre/Sistemas%20transaccionales/HotelAndes/lib/datanucleus-rdbms-5.1.10.jar!/plugin.xml.
01:54:13,215 (main) DEBUG [DataNucleus.MetaData] - Parsing MetaData file "file:/C:/Users/Tobia%20Gasparoni/Documents/Universidad%20de%20los%20Andes/4%20Semestre/Sistemas%20transaccionales/HotelAndes/resources/META-INF/persistence.xml" using handler "persistence" (validation="false")
01:54:13,223 (main) DEBUG [DataNucleus.MetaData] - Parsing MetaData file "file:/C:/Users/Tobia%20Gasparoni/Documents/Universidad%20de%20los%20Andes/4%20Semestre/Sistemas%20transaccionales/HotelAndes/target/classes/META-INF/persistence.xml" using handler "persistence" (validation="false")
01:54:13,241 (main) DEBUG [DataNucleus.Persistence] - Java types support initialising ...
01:54:13,327 (main) DEBUG [DataNucleus.Persistence] - Java types support loaded : supported java types=[B, [C, [D, [F, [I, [J, [Ljava.lang.Boolean;, [Ljava.lang.Byte;, [Ljava.lang.Character;, [Ljava.lang.Double;, [Ljava.lang.Enum;, [Ljava.lang.Float;, [Ljava.lang.Integer;, [Ljava.lang.Long;, [Ljava.lang.Number;, [Ljava.lang.Object;, [Ljava.lang.Short;, [Ljava.lang.String;, [Ljava.math.BigDecimal;, [Ljava.math.BigInteger;, [Ljava.util.Date;, [Ljava.util.Locale;, [S, [Z, boolean, byte, char, double, float, int, java.awt.Color, java.awt.image.BufferedImage, java.lang.Boolean, java.lang.Byte, java.lang.Character, java.lang.Class, java.lang.Double, java.lang.Enum, java.lang.Float, java.lang.Integer, java.lang.Long, java.lang.Number, java.lang.Short, java.lang.String, java.lang.StringBuffer, java.lang.StringBuilder, java.math.BigDecimal, java.math.BigInteger, java.net.URI, java.net.URL, java.sql.Date, java.sql.Time, java.sql.Timestamp, java.time.Duration, java.time.Instant, java.time.LocalDate, java.time.LocalDateTime, java.time.LocalTime, java.time.MonthDay, java.time.OffsetDateTime, java.time.OffsetTime, java.time.Period, java.time.Year, java.time.YearMonth, java.time.ZonedDateTime, java.time.ZoneId, java.time.ZoneOffset, java.util.ArrayList, java.util.Arrays$ArrayList, java.util.BitSet, java.util.Calendar, java.util.Collection, java.util.Currency, java.util.Date, java.util.GregorianCalendar, java.util.HashMap, java.util.HashSet, java.util.Hashtable, java.util.LinkedHashMap, java.util.LinkedHashSet, java.util.LinkedList, java.util.List, java.util.Locale, java.util.Map, java.util.Optional, java.util.PriorityQueue, java.util.Properties, java.util.Queue, java.util.Set, java.util.SortedMap, java.util.SortedSet, java.util.Stack, java.util.TimeZone, java.util.TreeMap, java.util.TreeSet, java.util.UUID, java.util.Vector, long, short
01:54:13,328 (main) DEBUG [DataNucleus.Persistence] - Type converter support initialising ...
01:54:13,411 (main) DEBUG [DataNucleus.Persistence] - Type converter support loaded
01:54:13,412 (main) DEBUG [DataNucleus.Persistence] - TypeConverter(s) available for byte[] to : java.nio.ByteBuffer
01:54:13,412 (main) DEBUG [DataNucleus.Persistence] - TypeConverter(s) available for char[] to : java.nio.ByteBuffer
01:54:13,412 (main) DEBUG [DataNucleus.Persistence] - TypeConverter(s) available for double[] to : java.nio.ByteBuffer
01:54:13,412 (main) DEBUG [DataNucleus.Persistence] - TypeConverter(s) available for float[] to : java.nio.ByteBuffer
01:54:13,412 (main) DEBUG [DataNucleus.Persistence] - TypeConverter(s) available for int[] to : java.nio.ByteBuffer
01:54:13,412 (main) DEBUG [DataNucleus.Persistence] - TypeConverter(s) available for long[] to : java.nio.ByteBuffer
01:54:13,412 (main) DEBUG [DataNucleus.Persistence] - TypeConverter(s) available for [Ljava.math.BigDecimal; to : java.nio.ByteBuffer
01:54:13,412 (main) DEBUG [DataNucleus.Persistence] - TypeConverter(s) available for [Ljava.math.BigInteger; to : java.nio.ByteBuffer
01:54:13,412 (main) DEBUG [DataNucleus.Persistence] - TypeConverter(s) available for short[] to : java.nio.ByteBuffer
01:54:13,412 (main) DEBUG [DataNucleus.Persistence] - TypeConverter(s) available for boolean[] to : java.nio.ByteBuffer
01:54:13,413 (main) DEBUG [DataNucleus.Persistence] - TypeConverter(s) available for java.awt.Color to : java.lang.String,int[]
01:54:13,413 (main) DEBUG [DataNucleus.Persistence] - TypeConverter(s) available for java.awt.image.BufferedImage to : byte[],java.nio.ByteBuffer
01:54:13,413 (main) DEBUG [DataNucleus.Persistence] - TypeConverter(s) available for java.io.Serializable to : java.lang.String,byte[],java.nio.ByteBuffer
01:54:13,413 (main) DEBUG [DataNucleus.Persistence] - TypeConverter(s) available for java.lang.Boolean to : java.lang.Integer,java.lang.Character
01:54:13,413 (main) DEBUG [DataNucleus.Persistence] - TypeConverter(s) available for java.lang.Character to : java.lang.String
01:54:13,413 (main) DEBUG [DataNucleus.Persistence] - TypeConverter(s) available for java.lang.Class to : java.lang.String
01:54:13,413 (main) DEBUG [DataNucleus.Persistence] - TypeConverter(s) available for java.lang.Integer to : java.lang.String
01:54:13,413 (main) DEBUG [DataNucleus.Persistence] - TypeConverter(s) available for java.lang.Long to : java.lang.String
01:54:13,413 (main) DEBUG [DataNucleus.Persistence] - TypeConverter(s) available for java.lang.StringBuffer to : java.lang.String
01:54:13,413 (main) DEBUG [DataNucleus.Persistence] - TypeConverter(s) available for java.lang.StringBuilder to : java.lang.String
01:54:13,413 (main) DEBUG [DataNucleus.Persistence] - TypeConverter(s) available for java.math.BigDecimal to : java.lang.String,java.lang.Double
01:54:13,413 (main) DEBUG [DataNucleus.Persistence] - TypeConverter(s) available for java.math.BigInteger to : java.lang.String,java.lang.Long
01:54:13,413 (main) DEBUG [DataNucleus.Persistence] - TypeConverter(s) available for java.net.URI to : java.lang.String
01:54:13,414 (main) DEBUG [DataNucleus.Persistence] - TypeConverter(s) available for java.net.URL to : java.lang.String
01:54:13,414 (main) DEBUG [DataNucleus.Persistence] - TypeConverter(s) available for java.sql.Date to : java.lang.String,java.lang.Long,java.util.Date
01:54:13,414 (main) DEBUG [DataNucleus.Persistence] - TypeConverter(s) available for java.sql.Time to : java.lang.String,java.lang.Long,java.util.Date
01:54:13,414 (main) DEBUG [DataNucleus.Persistence] - TypeConverter(s) available for java.sql.Timestamp to : java.lang.String,java.lang.Long,java.util.Date
01:54:13,414 (main) DEBUG [DataNucleus.Persistence] - TypeConverter(s) available for java.time.Duration to : java.lang.String,java.lang.Long,java.lang.Double
01:54:13,414 (main) DEBUG [DataNucleus.Persistence] - TypeConverter(s) available for java.time.Instant to : java.sql.Timestamp,java.lang.String,java.lang.Long,java.util.Date
01:54:13,414 (main) DEBUG [DataNucleus.Persistence] - TypeConverter(s) available for java.time.LocalDate to : java.lang.String,java.sql.Date,java.util.Date
01:54:13,414 (main) DEBUG [DataNucleus.Persistence] - TypeConverter(s) available for java.time.LocalDateTime to : java.sql.Timestamp,java.lang.String,java.util.Date
01:54:13,414 (main) DEBUG [DataNucleus.Persistence] - TypeConverter(s) available for java.time.LocalTime to : java.lang.String,java.lang.Long,java.sql.Time,java.util.Date
01:54:13,414 (main) DEBUG [DataNucleus.Persistence] - TypeConverter(s) available for java.time.MonthDay to : java.lang.String,java.sql.Date,int[],java.util.Date
01:54:13,414 (main) DEBUG [DataNucleus.Persistence] - TypeConverter(s) available for java.time.OffsetDateTime to : java.sql.Timestamp,java.lang.String,java.util.Date
01:54:13,414 (main) DEBUG [DataNucleus.Persistence] - TypeConverter(s) available for java.time.OffsetTime to : java.lang.String,java.lang.Long,java.sql.Time
01:54:13,415 (main) DEBUG [DataNucleus.Persistence] - TypeConverter(s) available for java.time.Period to : java.lang.String,int[]
01:54:13,415 (main) DEBUG [DataNucleus.Persistence] - TypeConverter(s) available for java.time.Year to : java.lang.String,java.lang.Integer
01:54:13,415 (main) DEBUG [DataNucleus.Persistence] - TypeConverter(s) available for java.time.YearMonth to : java.lang.String,java.sql.Date,int[],java.util.Date
01:54:13,415 (main) DEBUG [DataNucleus.Persistence] - TypeConverter(s) available for java.time.ZonedDateTime to : java.sql.Timestamp,java.lang.String
01:54:13,415 (main) DEBUG [DataNucleus.Persistence] - TypeConverter(s) available for java.time.ZoneId to : java.lang.String
01:54:13,415 (main) DEBUG [DataNucleus.Persistence] - TypeConverter(s) available for java.time.ZoneOffset to : java.lang.String
01:54:13,415 (main) DEBUG [DataNucleus.Persistence] - TypeConverter(s) available for java.util.BitSet to : java.lang.String
01:54:13,415 (main) DEBUG [DataNucleus.Persistence] - TypeConverter(s) available for java.util.Calendar to : java.sql.Timestamp,java.lang.String,[Ljava.lang.Object;,java.util.Date
01:54:13,415 (main) DEBUG [DataNucleus.Persistence] - TypeConverter(s) available for java.util.Currency to : java.lang.String
01:54:13,415 (main) DEBUG [DataNucleus.Persistence] - TypeConverter(s) available for java.util.Date to : java.lang.String,java.lang.Long
01:54:13,415 (main) DEBUG [DataNucleus.Persistence] - TypeConverter(s) available for java.util.Locale to : java.lang.String
01:54:13,415 (main) DEBUG [DataNucleus.Persistence] - TypeConverter(s) available for java.util.TimeZone to : java.lang.String
01:54:13,415 (main) DEBUG [DataNucleus.Persistence] - TypeConverter(s) available for java.util.UUID to : java.lang.String
01:54:13,416 (main) DEBUG [DataNucleus.MetaData] - MetaDataManager : Input=(XML,Annotations), XML-Validation=false, XML-Suffices=(persistence=*.jdo, orm=orm, query=*.jdoquery) mapping-name=oracle, JDO-listener=false
01:54:13,416 (main) DEBUG [DataNucleus.MetaData] - MetaData Management : Loading Metadata for persistence-unit "Tobia" ...
01:54:13,416 (main) DEBUG [DataNucleus.MetaData] - MetaData Management : Load of Metadata complete
01:54:13,422 (main) DEBUG [DataNucleus.Datastore] - Creating StoreManager for datastore
01:54:13,650 (main) DEBUG [DataNucleus.Connection] - Created ConnectionPool "tx" as data source using pooling type of dbcp2-builtin
01:54:13,650 (main) DEBUG [DataNucleus.Connection] - Registered transactional connection factory under name "rdbms/tx"
01:54:13,650 (main) DEBUG [DataNucleus.Connection] - Registered nontransactional connection factory under name "rdbms/nontx"
01:54:13,670 (main) DEBUG [DataNucleus.Connection] - Created ConnectionPool "nontx" as data source using pooling type of dbcp2-builtin
01:54:14,684 (main) DEBUG [DataNucleus.Connection] - ManagedConnection OPENED : "org.datanucleus.store.rdbms.ConnectionFactoryImpl$ManagedConnectionImpl@48f278eb [conn=null, commitOnRelease=true, closeOnRelease=true, closeOnTxnEnd=true]" on resource "nontx"
01:54:15,006 (main) DEBUG [DataNucleus.Datastore] - Removing RDBMS support for Java type java.lang.Boolean, jdbc-type=BOOLEAN
01:54:15,006 (main) DEBUG [DataNucleus.Datastore] - RDBMS support configured for "[B" using jdbc-types=[BLOB, VARBINARY, LONGVARBINARY], sql-types=[BLOB, VARBINARY, LONGVARBINARY] with default (jdbc-type=BLOB, sql-type=BLOB)
01:54:15,006 (main) DEBUG [DataNucleus.Datastore] - RDBMS support configured for "java.io.File" using jdbc-types=[LONGVARBINARY], sql-types=[LONGVARBINARY] with default (jdbc-type=LONGVARBINARY, sql-type=LONGVARBINARY)
01:54:15,006 (main) DEBUG [DataNucleus.Datastore] - RDBMS support configured for "java.io.Serializable" using jdbc-types=[BLOB, VARBINARY, LONGVARBINARY], sql-types=[BLOB, VARBINARY, LONGVARBINARY] with default (jdbc-type=BLOB, sql-type=BLOB)
01:54:15,006 (main) DEBUG [DataNucleus.Datastore] - RDBMS support configured for "java.lang.Boolean" using jdbc-types=[NUMERIC, SMALLINT, CHAR, BIT, TINYINT], sql-types=[NUMERIC, SMALLINT, CHAR, BIT, TINYINT] with default (jdbc-type=NUMERIC, sql-type=NUMERIC)
01:54:15,006 (main) DEBUG [DataNucleus.Datastore] - RDBMS support configured for "java.lang.Byte" using jdbc-types=[NUMERIC, SMALLINT, TINYINT], sql-types=[NUMERIC, SMALLINT, TINYINT] with default (jdbc-type=NUMERIC, sql-type=NUMERIC)
01:54:15,006 (main) DEBUG [DataNucleus.Datastore] - RDBMS support configured for "java.lang.Character" using jdbc-types=[NUMERIC, CHAR, INTEGER], sql-types=[NUMERIC, CHAR, INTEGER] with default (jdbc-type=CHAR, sql-type=CHAR)
01:54:15,006 (main) DEBUG [DataNucleus.Datastore] - RDBMS support configured for "java.lang.Double" using jdbc-types=[FLOAT, NUMERIC, DECIMAL, DOUBLE], sql-types=[FLOAT, NUMBER, DECIMAL, DOUBLE] with default (jdbc-type=FLOAT, sql-type=FLOAT)
01:54:15,006 (main) DEBUG [DataNucleus.Datastore] - RDBMS support configured for "java.lang.Float" using jdbc-types=[FLOAT, NUMERIC, REAL, DECIMAL, DOUBLE], sql-types=[FLOAT, NUMBER, REAL, DECIMAL, DOUBLE] with default (jdbc-type=FLOAT, sql-type=FLOAT)
01:54:15,006 (main) DEBUG [DataNucleus.Datastore] - RDBMS support configured for "java.lang.Integer" using jdbc-types=[NUMERIC, SMALLINT, BIGINT, TINYINT, INTEGER], sql-types=[NUMERIC, NUMBER, SMALLINT, BIGINT, TINYINT, INTEGER] with default (jdbc-type=NUMERIC, sql-type=NUMERIC)
01:54:15,007 (main) DEBUG [DataNucleus.Datastore] - RDBMS support configured for "java.lang.Long" using jdbc-types=[NUMERIC, SMALLINT, BIGINT, TINYINT, INTEGER], sql-types=[NUMERIC, NUMBER, SMALLINT, BIGINT, INT, TINYINT] with default (jdbc-type=NUMERIC, sql-type=NUMERIC)
01:54:15,007 (main) DEBUG [DataNucleus.Datastore] - RDBMS support configured for "java.lang.Short" using jdbc-types=[NUMERIC, SMALLINT, TINYINT, INTEGER], sql-types=[NUMERIC, NUMBER, SMALLINT, TINYINT, INTEGER] with default (jdbc-type=NUMERIC, sql-type=NUMERIC)
01:54:15,007 (main) DEBUG [DataNucleus.Datastore] - RDBMS support configured for "java.lang.String" using jdbc-types=[XMLTYPE, BLOB, LONGVARCHAR, CLOB, VARCHAR, CHAR, BIGINT, NVARCHAR, NCHAR], sql-types=[NVARCHAR2, XMLTYPE, BLOB, LONGVARCHAR, CLOB, VARCHAR, CHAR, BIGINT, NVARCHAR, NCHAR] with default (jdbc-type=VARCHAR, sql-type=VARCHAR)
01:54:15,007 (main) DEBUG [DataNucleus.Datastore] - RDBMS support configured for "java.math.BigDecimal" using jdbc-types=[NUMERIC, DECIMAL], sql-types=[NUMERIC, NUMBER, DECIMAL] with default (jdbc-type=NUMERIC, sql-type=NUMERIC)
01:54:15,007 (main) DEBUG [DataNucleus.Datastore] - RDBMS support configured for "java.math.BigInteger" using jdbc-types=[NUMERIC], sql-types=[NUMERIC, NUMBER] with default (jdbc-type=NUMERIC, sql-type=NUMERIC)
01:54:15,007 (main) DEBUG [DataNucleus.Datastore] - RDBMS support configured for "java.sql.Date" using jdbc-types=[DATE, TIMESTAMP, VARCHAR, CHAR, BIGINT], sql-types=[DATE, TIMESTAMP, VARCHAR, CHAR, BIGINT] with default (jdbc-type=DATE, sql-type=DATE)
01:54:15,007 (main) DEBUG [DataNucleus.Datastore] - RDBMS support configured for "java.sql.Time" using jdbc-types=[TIMESTAMP, VARCHAR, CHAR, TIME, BIGINT], sql-types=[TIMESTAMP, VARCHAR, CHAR, TIME, BIGINT] with default (jdbc-type=TIME, sql-type=TIME)
01:54:15,007 (main) DEBUG [DataNucleus.Datastore] - RDBMS support configured for "java.sql.Timestamp" using jdbc-types=[DATE, TIMESTAMP, VARCHAR, CHAR, TIME], sql-types=[DATE, TIMESTAMP, VARCHAR, CHAR, TIME] with default (jdbc-type=TIMESTAMP, sql-type=TIMESTAMP)
01:54:15,007 (main) DEBUG [DataNucleus.Datastore] - RDBMS support configured for "java.util.Date" using jdbc-types=[DATE, TIMESTAMP, VARCHAR, CHAR, TIME, BIGINT], sql-types=[DATE, TIMESTAMP, VARCHAR, CHAR, TIME, BIGINT] with default (jdbc-type=TIMESTAMP, sql-type=TIMESTAMP)
01:54:15,007 (main) DEBUG [DataNucleus.Datastore] - RDBMS support configured for "org.datanucleus.identity.DatastoreId" using jdbc-types=[NUMERIC, VARCHAR, CHAR, BIGINT, INTEGER], sql-types=[NUMERIC, VARCHAR, CHAR, BIGINT, INTEGER] with default (jdbc-type=NUMERIC, sql-type=NUMERIC)
01:54:15,023 (main) DEBUG [DataNucleus.Datastore] - ======================= Datastore =========================
01:54:15,024 (main) DEBUG [DataNucleus.Datastore] - StoreManager : "rdbms" (org.datanucleus.store.rdbms.RDBMSStoreManager)
01:54:15,024 (main) DEBUG [DataNucleus.Datastore] - Datastore : read-write
01:54:15,024 (main) DEBUG [DataNucleus.Datastore] - Schema Control : AutoCreate(None), Validate(None)
01:54:15,024 (main) DEBUG [DataNucleus.Datastore] - Schema : NamingFactory=datanucleus2 identifierCase=null
01:54:15,024 (main) DEBUG [DataNucleus.Datastore] - Query Languages : JDOQL, JPQL, STOREDPROC, SQL
01:54:15,024 (main) DEBUG [DataNucleus.Datastore] - Queries : Timeout=0
01:54:15,024 (main) DEBUG [DataNucleus.Datastore] - ===========================================================
01:54:15,024 (main) DEBUG [DataNucleus.Datastore] - Datastore Adapter : org.datanucleus.store.rdbms.adapter.OracleAdapter
01:54:15,024 (main) DEBUG [DataNucleus.Datastore] - Datastore : name="Oracle" version="Oracle Database 12c Enterprise Edition Release 12.1.0.2.0 - 64bit Production
With the Partitioning, OLAP, Advanced Analytics and Real Application Testing options"
01:54:15,024 (main) DEBUG [DataNucleus.Datastore] - Datastore Driver : name="Oracle JDBC driver" version="12.2.0.1.0"
01:54:15,024 (main) DEBUG [DataNucleus.Datastore] - Primary Connection Factory : URL[jdbc:oracle:thin:@fn3.oracle.virtual.uniandes.edu.co:1521:prod]
01:54:15,024 (main) DEBUG [DataNucleus.Datastore] - Secondary Connection Factory : URL[jdbc:oracle:thin:@fn3.oracle.virtual.uniandes.edu.co:1521:prod]
01:54:15,024 (main) DEBUG [DataNucleus.Datastore] - Datastore Identifiers : factory="datanucleus2" case=UPPERCASE schema=ISIS2304B141910
01:54:15,024 (main) DEBUG [DataNucleus.Datastore] - Supported Identifier Cases : "MixedCase" UPPERCASE "MixedCase-Sensitive" 
01:54:15,025 (main) DEBUG [DataNucleus.Datastore] - Supported Identifier Lengths (max) : Table=30 Column=30 Constraint=30 Index=30 Delimiter="
01:54:15,025 (main) DEBUG [DataNucleus.Datastore] - Support for Identifiers in DDL : catalog=false schema=true
01:54:15,025 (main) DEBUG [DataNucleus.Datastore] - Datastore : checkTableViewExistence, rdbmsConstraintCreateMode=DataNucleus, initialiseColumnInfo=ALL
01:54:15,026 (main) DEBUG [DataNucleus.Datastore] - Support Statement Batching : yes (max-batch-size=50)
01:54:15,026 (main) DEBUG [DataNucleus.Datastore] - Queries : Results direction=forward, type=forward-only, concurrency=read-only
01:54:15,026 (main) DEBUG [DataNucleus.Datastore] - Java-Types : string-default-length=255
01:54:15,026 (main) DEBUG [DataNucleus.Datastore] - JDBC-Types : NCLOB, NCHAR, [id=2007], REF, CLOB, BLOB, ARRAY, STRUCT, DATE, TIME, TIMESTAMP, VARCHAR, LONGVARCHAR, VARBINARY, LONGVARBINARY, BIGINT, TINYINT, BIT, NVARCHAR, [id=-101], CHAR, [id=-103], NUMERIC, [id=-102], DECIMAL, INTEGER, SMALLINT, FLOAT, REAL, DOUBLE, [id=-104]
01:54:15,026 (main) DEBUG [DataNucleus.Datastore] - ===========================================================
01:54:15,026 (main) DEBUG [DataNucleus.Connection] - ManagedConnection CLOSED : "org.datanucleus.store.rdbms.ConnectionFactoryImpl$ManagedConnectionImpl@48f278eb [conn=org.datanucleus.store.rdbms.datasource.dbcp2.PoolingDataSource$PoolGuardConnectionWrapper@264f218, commitOnRelease=true, closeOnRelease=true, closeOnTxnEnd=true]"
01:54:15,027 (main) DEBUG [DataNucleus.Datastore] - StoreManager now created
01:54:15,031 (main) DEBUG [DataNucleus.Persistence] - Started pool of ExecutionContext (maxPool=20, reaperThread=false)
01:54:15,039 (main) DEBUG [DataNucleus.Persistence] - ================= NucleusContext ===============
01:54:15,039 (main) DEBUG [DataNucleus.Persistence] - DataNucleus Context : Version "5.1.10" with JRE "1.8.0_201" on "Windows 10"
01:54:15,039 (main) DEBUG [DataNucleus.Persistence] - Persistence API : JDO
01:54:15,039 (main) DEBUG [DataNucleus.Persistence] - Persistence-Unit : Tobia
01:54:15,039 (main) DEBUG [DataNucleus.Persistence] - Plugin Registry : org.datanucleus.plugin.NonManagedPluginRegistry
01:54:15,039 (main) DEBUG [DataNucleus.Persistence] - ClassLoading : default
01:54:15,039 (main) DEBUG [DataNucleus.Persistence] - Persistence : pm-singlethreaded, nontransactional-read, nontransactional-write, reachability-at-commit, copy-on-attach, managed-relations(checked), deletion-policy=JDO2, serverTimeZone=America/Bogota
01:54:15,039 (main) DEBUG [DataNucleus.Persistence] - Transactions : type=RESOURCE_LOCAL, mode=datastore, isolation=read-committed
01:54:15,039 (main) DEBUG [DataNucleus.Persistence] - ValueGeneration : txn-isolation=read-committed connection=New
01:54:15,039 (main) DEBUG [DataNucleus.Persistence] - Cache : Level1 (soft), Level2 (soft, mode=UNSPECIFIED), QueryResults (soft), Collections/Maps 
01:54:15,039 (main) DEBUG [DataNucleus.Persistence] - ================================================
01:54:25,819 (AWT-EventQueue-0) DEBUG [DataNucleus.Persistence] - ExecutionContext OPENED "org.datanucleus.ExecutionContextImpl@416dca2d" for datastore "org.datanucleus.store.rdbms.RDBMSStoreManager@54b57c2e" with txn="org.datanucleus.TransactionImpl@6d59ed46"
01:54:25,832 (AWT-EventQueue-0) DEBUG [DataNucleus.Transaction] - Transaction created [DataNucleus Transaction, ID=-830155140-1, enlisted resources=[]]
01:54:25,832 (AWT-EventQueue-0) DEBUG [DataNucleus.Transaction] - Transaction begun for ExecutionContext org.datanucleus.ExecutionContextImpl@416dca2d (optimistic=false)
01:54:25,832 (AWT-EventQueue-0) DEBUG [DataNucleus.Persistence] - ExecutionContext OPENED "org.datanucleus.ExecutionContextImpl@e692537" for datastore "org.datanucleus.store.rdbms.RDBMSStoreManager@54b57c2e" with txn="org.datanucleus.TransactionImpl@395ebcd8"
01:54:25,847 (AWT-EventQueue-0) DEBUG [DataNucleus.Query] - SQL Query : "SELECT HOTELANDES_SEQUENCE.nextval FROM DUAL"
01:54:25,867 (AWT-EventQueue-0) DEBUG [DataNucleus.Connection] - ManagedConnection OPENED : "org.datanucleus.store.rdbms.ConnectionFactoryImpl$ManagedConnectionImpl@e232374 [conn=org.datanucleus.store.rdbms.datasource.dbcp2.PoolingDataSource$PoolGuardConnectionWrapper@78cc299f, commitOnRelease=true, closeOnRelease=true, closeOnTxnEnd=true]" on resource "nontx" with isolation level "read-committed" and auto-commit=false
01:54:25,963 (AWT-EventQueue-0) DEBUG [DataNucleus.Datastore] - Using PreparedStatement "oracle.jdbc.driver.OraclePreparedStatementWrapper@160bfc96" for connection "org.datanucleus.store.rdbms.datasource.dbcp2.PoolingDataSource$PoolGuardConnectionWrapper@78cc299f"
01:54:25,966 (AWT-EventQueue-0) DEBUG [DataNucleus.Datastore.Native] - SELECT HOTELANDES_SEQUENCE.nextval FROM DUAL
01:54:25,972 (AWT-EventQueue-0) DEBUG [DataNucleus.Datastore.Retrieve] - SQL Execution Time = 6 ms
01:54:25,991 (AWT-EventQueue-0) DEBUG [DataNucleus.Connection] - ManagedConnection COMMITTING : "org.datanucleus.store.rdbms.ConnectionFactoryImpl$ManagedConnectionImpl@e232374 [conn=org.datanucleus.store.rdbms.datasource.dbcp2.PoolingDataSource$PoolGuardConnectionWrapper@78cc299f, commitOnRelease=true, closeOnRelease=true, closeOnTxnEnd=true]"
01:54:26,016 (AWT-EventQueue-0) DEBUG [DataNucleus.Query] - Reading in results for query "org.datanucleus.store.rdbms.query.SQLQuery@d6d03205" since the connection used is closing/committing
01:54:26,020 (AWT-EventQueue-0) DEBUG [DataNucleus.Connection] - ManagedConnection CLOSED : "org.datanucleus.store.rdbms.ConnectionFactoryImpl$ManagedConnectionImpl@e232374 [conn=org.datanucleus.store.rdbms.datasource.dbcp2.PoolingDataSource$PoolGuardConnectionWrapper@78cc299f, commitOnRelease=true, closeOnRelease=true, closeOnTxnEnd=true]"
01:54:26,038 (AWT-EventQueue-0) DEBUG [DataNucleus.Query] - SQL Query : "INSERT INTO TIPOS_HABITACION(id, nombre, descripcion) values (?, ?, ?)"
01:54:26,129 (AWT-EventQueue-0) DEBUG [DataNucleus.Connection] - ManagedConnection OPENED : "org.datanucleus.store.rdbms.ConnectionFactoryImpl$ManagedConnectionImpl@46ead04a [conn=org.datanucleus.store.rdbms.datasource.dbcp2.PoolingDataSource$PoolGuardConnectionWrapper@48760452, commitOnRelease=false, closeOnRelease=false, closeOnTxnEnd=true]" on resource "tx" with isolation level "read-committed" and auto-commit=false
01:54:26,133 (AWT-EventQueue-0) DEBUG [DataNucleus.Transaction] - Running enlist operation on resource: org.datanucleus.store.rdbms.ConnectionFactoryImpl$EmulatedXAResource@c72b71f, error code TMNOFLAGS and transaction [DataNucleus Transaction, ID=-830155140-1, enlisted resources=[]]
01:54:26,133 (AWT-EventQueue-0) DEBUG [DataNucleus.Datastore] - Using PreparedStatement "org.datanucleus.store.rdbms.ParamLoggingPreparedStatement@92774c2" for connection "org.datanucleus.store.rdbms.datasource.dbcp2.PoolingDataSource$PoolGuardConnectionWrapper@48760452"
01:54:26,134 (AWT-EventQueue-0) DEBUG [DataNucleus.Datastore.Native] - INSERT INTO TIPOS_HABITACION(id, nombre, descripcion) values (<5>, <'he2'>, <'hehhhehehe'>)
01:54:26,143 (AWT-EventQueue-0) DEBUG [DataNucleus.Datastore.Persist] - SQL Execution Time = 9 ms (number of rows = 1) on PreparedStatement "org.datanucleus.store.rdbms.ParamLoggingPreparedStatement@92774c2"
01:54:26,143 (AWT-EventQueue-0) DEBUG [DataNucleus.Datastore] - Closing PreparedStatement "org.datanucleus.store.rdbms.ParamLoggingPreparedStatement@92774c2"
01:54:26,143 (AWT-EventQueue-0) DEBUG [DataNucleus.Transaction] - Transaction committing for ExecutionContext org.datanucleus.ExecutionContextImpl@416dca2d
01:54:26,144 (AWT-EventQueue-0) DEBUG [DataNucleus.Persistence] - ExecutionContext.internalFlush() START : using ordered flush - 0 enlisted objects
01:54:26,152 (AWT-EventQueue-0) DEBUG [DataNucleus.Persistence] - ExecutionContext.internalFlush() END
01:54:26,153 (AWT-EventQueue-0) DEBUG [DataNucleus.Persistence] - Persistence-By-Reachability (commit) : START
01:54:26,153 (AWT-EventQueue-0) DEBUG [DataNucleus.Persistence] - Persistence-By-Reachability (commit) : END
01:54:26,153 (AWT-EventQueue-0) DEBUG [DataNucleus.Transaction] - Committing [DataNucleus Transaction, ID=-830155140-1, enlisted resources=[org.datanucleus.store.rdbms.ConnectionFactoryImpl$EmulatedXAResource@c72b71f]]
01:54:26,153 (AWT-EventQueue-0) DEBUG [DataNucleus.Connection] - ManagedConnection COMMITTING : "org.datanucleus.store.rdbms.ConnectionFactoryImpl$ManagedConnectionImpl@46ead04a [conn=org.datanucleus.store.rdbms.datasource.dbcp2.PoolingDataSource$PoolGuardConnectionWrapper@48760452, commitOnRelease=false, closeOnRelease=false, closeOnTxnEnd=true]"
01:54:26,178 (AWT-EventQueue-0) DEBUG [DataNucleus.Connection] - ManagedConnection CLOSED : "org.datanucleus.store.rdbms.ConnectionFactoryImpl$ManagedConnectionImpl@46ead04a [conn=org.datanucleus.store.rdbms.datasource.dbcp2.PoolingDataSource$PoolGuardConnectionWrapper@48760452, commitOnRelease=false, closeOnRelease=false, closeOnTxnEnd=true]"
01:54:26,199 (AWT-EventQueue-0) DEBUG [DataNucleus.Transaction] - Transaction committed in 56 ms
01:54:26,202 (AWT-EventQueue-0) DEBUG [DataNucleus.Persistence] - ExecutionContext CLOSED "org.datanucleus.ExecutionContextImpl@416dca2d"
